#
# There is insufficient memory for the Java Runtime Environment to continue.
# Native memory allocation (malloc) failed to allocate 37952 bytes for Chunk::new
# Possible reasons:
#   The system is out of physical RAM or swap space
#   In 32 bit mode, the process size limit was hit
# Possible solutions:
#   Reduce memory load on the system
#   Increase physical memory or swap space
#   Check if swap backing store is full
#   Use 64 bit Java on a 64 bit OS
#   Decrease Java heap size (-Xmx/-Xms)
#   Decrease number of Java threads
#   Decrease Java thread stack sizes (-Xss)
#   Set larger code cache with -XX:ReservedCodeCacheSize=
# This output file may be truncated or incomplete.
#
#  Out of Memory Error (allocation.cpp:390), pid=8644, tid=1824
#
# JRE version: Java(TM) SE Runtime Environment (8.0_51-b16) (build 1.8.0_51-b16)
# Java VM: Java HotSpot(TM) 64-Bit Server VM (25.51-b03 mixed mode windows-amd64 compressed oops)
# Failed to write core dump. Minidumps are not enabled by default on client versions of Windows
#

---------------  T H R E A D  ---------------

Current thread (0x0000000016112000):  JavaThread "C1 CompilerThread2" daemon [_thread_in_native, id=1824, stack(0x00000000165b0000,0x00000000166b0000)]

Stack: [0x00000000165b0000,0x00000000166b0000]
Native frames: (J=compiled Java code, j=interpreted, Vv=VM code, C=native code)
V  [jvm.dll+0x32b4ca]
V  [jvm.dll+0x2797e3]
V  [jvm.dll+0x27a479]
V  [jvm.dll+0x271765]
V  [jvm.dll+0xcba02]
V  [jvm.dll+0xcbecc]
V  [jvm.dll+0x421579]
V  [jvm.dll+0x42734e]
V  [jvm.dll+0x405eb0]
V  [jvm.dll+0x406280]
V  [jvm.dll+0x4063b2]
V  [jvm.dll+0x406581]
V  [jvm.dll+0x40678f]
V  [jvm.dll+0xa43a2]
V  [jvm.dll+0xa4cdf]
V  [jvm.dll+0x2418a4]
V  [jvm.dll+0x29846a]
C  [msvcr100.dll+0x21d9f]
C  [msvcr100.dll+0x21e3b]
C  [KERNEL32.DLL+0x15dd]
C  [ntdll.dll+0x764ad]


Current CompileTask:
C1:   1556  822   !   3       com.android.dx.cf.code.RopperMachine::run (1550 bytes)


---------------  P R O C E S S  ---------------

Java Threads: ( => current thread )
  0x0000000016333800 JavaThread "pool-1-thread-4" [_thread_in_vm, id=6104, stack(0x0000000016cb0000,0x0000000016db0000)]
  0x0000000016333000 JavaThread "pool-1-thread-3" [_thread_in_vm, id=8140, stack(0x0000000016bb0000,0x0000000016cb0000)]
  0x0000000016327800 JavaThread "pool-1-thread-2" [_thread_in_Java, id=8516, stack(0x0000000016ab0000,0x0000000016bb0000)]
  0x0000000016327000 JavaThread "pool-2-thread-1" [_thread_blocked, id=6820, stack(0x00000000169b0000,0x0000000016ab0000)]
  0x0000000016329800 JavaThread "pool-1-thread-1" [_thread_in_vm, id=2776, stack(0x00000000168b0000,0x00000000169b0000)]
  0x0000000016121000 JavaThread "Service Thread" daemon [_thread_blocked, id=8432, stack(0x00000000166b0000,0x00000000167b0000)]
=>0x0000000016112000 JavaThread "C1 CompilerThread2" daemon [_thread_in_native, id=1824, stack(0x00000000165b0000,0x00000000166b0000)]
  0x0000000014aab000 JavaThread "C2 CompilerThread1" daemon [_thread_blocked, id=8228, stack(0x00000000164b0000,0x00000000165b0000)]
  0x0000000014aa8800 JavaThread "C2 CompilerThread0" daemon [_thread_blocked, id=3636, stack(0x0000000015fb0000,0x00000000160b0000)]
  0x0000000014a5c800 JavaThread "Attach Listener" daemon [_thread_blocked, id=8528, stack(0x0000000015eb0000,0x0000000015fb0000)]
  0x0000000014a5b000 JavaThread "Signal Dispatcher" daemon [_thread_blocked, id=1392, stack(0x0000000015db0000,0x0000000015eb0000)]
  0x0000000002370800 JavaThread "Finalizer" daemon [_thread_blocked, id=2196, stack(0x0000000015cb0000,0x0000000015db0000)]
  0x000000000236d000 JavaThread "Reference Handler" daemon [_thread_blocked, id=8648, stack(0x0000000015bb0000,0x0000000015cb0000)]
  0x0000000002280800 JavaThread "main" [_thread_in_vm, id=5292, stack(0x0000000002130000,0x0000000002230000)]

Other Threads:
  0x0000000014a17800 VMThread [stack: 0x0000000015ab0000,0x0000000015bb0000] [id=6924]
  0x000000001611c000 WatcherThread [stack: 0x00000000167b0000,0x00000000168b0000] [id=8604]

VM state:synchronizing (normal execution)

VM Mutex/Monitor currently owned by a thread:  ([mutex/lock_event])
[0x000000000227c740] Safepoint_lock - owner thread: 0x0000000014a17800
[0x000000000227cb40] Threads_lock - owner thread: 0x0000000014a17800
[0x000000000227d150] CompiledIC_lock - owner thread: 0x0000000016333800

Heap:
 PSYoungGen      total 38400K, used 17410K [0x00000000eab00000, 0x00000000ed580000, 0x0000000100000000)
  eden space 33280K, 52% used [0x00000000eab00000,0x00000000ebc00980,0x00000000ecb80000)
  from space 5120K, 0% used [0x00000000ed080000,0x00000000ed080000,0x00000000ed580000)
  to   space 5120K, 0% used [0x00000000ecb80000,0x00000000ecb80000,0x00000000ed080000)
 ParOldGen       total 87552K, used 0K [0x00000000c0000000, 0x00000000c5580000, 0x00000000eab00000)
  object space 87552K, 0% used [0x00000000c0000000,0x00000000c0000000,0x00000000c5580000)
 Metaspace       used 5682K, capacity 6640K, committed 6784K, reserved 1056768K
  class space    used 583K, capacity 616K, committed 640K, reserved 1048576K

Card table byte_map: [0x0000000011740000,0x0000000011950000] byte_map_base: 0x0000000011140000

Marking Bits: (ParMarkBitMap*) 0x00000000698a4040
 Begin Bits: [0x0000000011eb0000, 0x0000000012eb0000)
 End Bits:   [0x0000000012eb0000, 0x0000000013eb0000)

Polling page: 0x0000000001d90000

CodeCache: size=245760Kb used=3130Kb max_used=3141Kb free=242629Kb
 bounds [0x0000000002380000, 0x00000000026a0000, 0x0000000011380000]
 total_blobs=1080 nmethods=810 adapters=183
 compilation: enabled

Compilation events (10 events):
Event: 1.484 Thread 0x0000000016112000  824       3       com.android.dx.cf.code.RopperMachine::getSources (264 bytes)
Event: 1.485 Thread 0x0000000014aa8800 nmethod 827 0x000000000267ee90 code [0x000000000267efe0, 0x000000000267f098]
Event: 1.487 Thread 0x0000000014aab000  828       4       com.android.dx.rop.code.BasicBlockList::get (9 bytes)
Event: 1.487 Thread 0x0000000016112000 nmethod 824 0x000000000268b050 code [0x000000000268b660, 0x000000000268fff8]
Event: 1.487 Thread 0x0000000016112000  822   !   3       com.android.dx.cf.code.RopperMachine::run (1550 bytes)
Event: 1.487 Thread 0x0000000014aab000 nmethod 828 0x000000000267eb10 code [0x000000000267ec60, 0x000000000267ed38]
Event: 1.490 Thread 0x0000000014aa8800  832       4       java.util.ArrayList::<init> (12 bytes)
Event: 1.491 Thread 0x0000000014aa8800 nmethod 832 0x000000000264d710 code [0x000000000264d840, 0x000000000264d8b8]
Event: 1.493 Thread 0x0000000014aab000  836       4       java.util.Collections$UnmodifiableCollection$1::hasNext (10 bytes)
Event: 1.494 Thread 0x0000000014aab000 nmethod 836 0x000000000267e810 code [0x000000000267e960, 0x000000000267ea18]

GC Heap History (0 events):
No events

Deoptimization events (1 events):
Event: 1.359 Thread 0x0000000016327800 Uncommon trap: reason=unstable_if action=reinterpret pc=0x00000000025924a4 method=java.util.HashMap.getNode(ILjava/lang/Object;)Ljava/util/HashMap$Node; @ 129

Internal exceptions (2 events):
Event: 0.054 Thread 0x0000000002280800 Exception <a 'java/lang/NoSuchMethodError': Method sun.misc.Unsafe.defineClass(Ljava/lang/String;[BII)Ljava/lang/Class; name or signature does not match> (0x00000000eab12f38) thrown at [C:\re\workspace\8-2-build-windows-amd64-cygwin\jdk8u51\3951\hotspot\sr–›±Üß­«?
Event: 0.054 Thread 0x0000000002280800 Exception <a 'java/lang/NoSuchMethodError': Method sun.misc.Unsafe.prefetchRead(Ljava/lang/Object;J)V name or signature does not match> (0x00000000eab131c8) thrown at [C:\re\workspace\8-2-build-windows-amd64-cygwin\jdk8u51\3951\hotspot\src\share\vm\prims\j

Events (10 events):
Event: 1.348 loading class java/util/regex/Matcher done
Event: 1.358 Thread 0x0000000016327800 Uncommon trap: trap_request=0xffffff65 fr.pc=0x00000000025924a4
Event: 1.359 Thread 0x0000000016327800 DEOPT PACKING pc=0x00000000025924a4 sp=0x0000000016baead0
Event: 1.359 Thread 0x0000000016327800 DEOPT UNPACKING pc=0x00000000023c582a sp=0x0000000016baea58 mode 2
Event: 1.382 loading class java/util/ArrayList$1
Event: 1.382 loading class java/util/ArrayList$1 done
Event: 1.385 loading class java/util/DualPivotQuicksort
Event: 1.385 loading class java/util/DualPivotQuicksort done
Event: 1.398 loading class com/android/dx/rop/code/LocalItem
Event: 1.398 loading class com/android/dx/rop/code/LocalItem done


Dynamic libraries:
0x00007ff612c90000 - 0x00007ff612cc7000 	D:\Program Files\Java\jdk1.8.0_51\bin\java.exe
0x00007ffb482b0000 - 0x00007ffb48459000 	C:\Windows\SYSTEM32\ntdll.dll
0x00007ffb46050000 - 0x00007ffb46189000 	C:\Windows\system32\KERNEL32.DLL
0x00007ffb45a30000 - 0x00007ffb45b3e000 	C:\Windows\system32\KERNELBASE.dll
0x00007ffb44260000 - 0x00007ffb442eb000 	C:\Windows\system32\apphelp.dll
0x00007ffb33400000 - 0x00007ffb3344c000 	C:\Windows\AppPatch\AppPatch64\AcGenral.DLL
0x00007ffb47f60000 - 0x00007ffb48007000 	C:\Windows\system32\msvcrt.dll
0x00007ffb45410000 - 0x00007ffb4543b000 	C:\Windows\SYSTEM32\SspiCli.dll
0x00007ffb48010000 - 0x00007ffb48061000 	C:\Windows\system32\SHLWAPI.dll
0x00007ffb45e20000 - 0x00007ffb45f91000 	C:\Windows\system32\USER32.dll
0x00007ffb48080000 - 0x00007ffb481f5000 	C:\Windows\system32\ole32.dll
0x00007ffb46970000 - 0x00007ffb47d7d000 	C:\Windows\system32\SHELL32.dll
0x00007ffb44c40000 - 0x00007ffb44c5f000 	C:\Windows\SYSTEM32\USERENV.dll
0x00007ffb48200000 - 0x00007ffb482a5000 	C:\Windows\system32\ADVAPI32.dll
0x00007ffb3cc00000 - 0x00007ffb3cc1b000 	C:\Windows\SYSTEM32\MPR.dll
0x00007ffb47d80000 - 0x00007ffb47eb6000 	C:\Windows\system32\RPCRT4.dll
0x00007ffb45d70000 - 0x00007ffb45dc7000 	C:\Windows\SYSTEM32\sechost.dll
0x00007ffb46470000 - 0x00007ffb46647000 	C:\Windows\SYSTEM32\combase.dll
0x00007ffb45b40000 - 0x00007ffb45c85000 	C:\Windows\system32\GDI32.dll
0x00007ffb45630000 - 0x00007ffb45644000 	C:\Windows\SYSTEM32\profapi.dll
0x00007ffb438d0000 - 0x00007ffb43971000 	C:\Windows\SYSTEM32\SHCORE.dll
0x00007ffb45dd0000 - 0x00007ffb45e04000 	C:\Windows\system32\IMM32.DLL
0x00007ffb46190000 - 0x00007ffb462c9000 	C:\Windows\system32\MSCTF.dll
0x00007ffb431f0000 - 0x00007ffb4344a000 	C:\Windows\WinSxS\amd64_microsoft.windows.common-controls_6595b64144ccf1df_6.0.9600.16384_none_62475f7becb72503\COMCTL32.dll
0x0000000068e10000 - 0x0000000068ee2000 	D:\Program Files\Java\jdk1.8.0_51\jre\bin\msvcr100.dll
0x00000000690a0000 - 0x0000000069923000 	D:\Program Files\Java\jdk1.8.0_51\jre\bin\server\jvm.dll
0x00007ffb3dd90000 - 0x00007ffb3dd99000 	C:\Windows\SYSTEM32\WSOCK32.dll
0x00007ffb3de60000 - 0x00007ffb3de7f000 	C:\Windows\SYSTEM32\WINMM.dll
0x00007ffb3e490000 - 0x00007ffb3e49a000 	C:\Windows\SYSTEM32\VERSION.dll
0x00007ffb46960000 - 0x00007ffb46967000 	C:\Windows\system32\PSAPI.DLL
0x00007ffb46650000 - 0x00007ffb466a8000 	C:\Windows\system32\WS2_32.dll
0x00007ffb3de30000 - 0x00007ffb3de5a000 	C:\Windows\SYSTEM32\WINMMBASE.dll
0x00007ffb45e10000 - 0x00007ffb45e19000 	C:\Windows\system32\NSI.dll
0x00007ffb45700000 - 0x00007ffb4574a000 	C:\Windows\SYSTEM32\cfgmgr32.dll
0x00007ffb44380000 - 0x00007ffb443a6000 	C:\Windows\SYSTEM32\DEVOBJ.dll
0x0000000069b30000 - 0x0000000069b3f000 	D:\Program Files\Java\jdk1.8.0_51\jre\bin\verify.dll
0x0000000069b00000 - 0x0000000069b29000 	D:\Program Files\Java\jdk1.8.0_51\jre\bin\java.dll
0x0000000069ae0000 - 0x0000000069af6000 	D:\Program Files\Java\jdk1.8.0_51\jre\bin\zip.dll
0x00007ffb315e0000 - 0x00007ffb31768000 	C:\Windows\SYSTEM32\dbghelp.dll

VM Arguments:
jvm_args: -Xmx1024M -Dfile.encoding=GBK -Duser.country=CN -Duser.language=zh -Duser.variant 
java_command: com.android.dx.command.Main --dex --num-threads=4 --output D:\yizhi\StudioWorkspace\notebook\CarToolsC\app\build\intermediates\pre-dexed\debug\BaiduLBS_Android-4fc51286aeb6acb386cc7d0cd469216efa777dbb.jar D:\yizhi\StudioWorkspace\notebook\CarToolsC\app\libs\BaiduLBS_Android.jar
java_class_path (initial): D:\Users\yizhi\AppData\Local\Android\sdk\build-tools\23.0.0\lib\dx.jar
Launcher Type: SUN_STANDARD

Environment Variables:
JAVA_HOME=D:\Program Files\Java\jdk1.8.0_51
CLASSPATH=.;D:\Program Files\Java\jdk1.8.0_51\lib;D:\Program Files\Java\jdk1.8.0_51\lib\tools.jar
PATH=C:\ProgramData\Oracle\Java\javapath;C:\Windows\system32;C:\Windows;C:\Windows\System32\Wbem;C:\Windows\System32\WindowsPowerShell\v1.0\;D:\Program Files\Java\jdk1.8.0_51\bin;D:\Program Files\Java\jdk1.8.0_51\jre\bin;D:\Program Files\TortoiseSVN\bin;D:\Program Files\Android\Android Studio\gradle\gradle-2.2.1\bin;D:\adt-bundle-windows-x86_64-20140624\sdk\platform-tools;C:\apktool;D:\Program Files\Git\cmd
USERNAME=Administrator
OS=Windows_NT
PROCESSOR_IDENTIFIER=Intel64 Family 6 Model 60 Stepping 3, GenuineIntel



---------------  S Y S T E M  ---------------

OS: Windows 8.1 , 64 bit Build 9600 (6.3.9600.16656)

CPU:total 4 (2 cores per cpu, 2 threads per core) family 6 model 60 stepping 3, cmov, cx8, fxsr, mmx, sse, sse2, sse3, ssse3, sse4.1, sse4.2, popcnt, avx, avx2, aes, clmul, erms, lzcnt, ht, tsc, tscinvbit, bmi1, bmi2

Memory: 4k page, physical 8300920k(964620k free), swap 8300920k(5796k free)

vm_info: Java HotSpot(TM) 64-Bit Server VM (25.51-b03) for windows-amd64 JRE (1.8.0_51-b16), built on Jun  8 2015 18:03:07 by "java_re" with MS VC++ 10.0 (VS2010)

time: Tue May 03 12:56:50 2016
elapsed time: 1 seconds (0d 0h 0m 1s)

