#
# There is insufficient memory for the Java Runtime Environment to continue.
# Native memory allocation (malloc) failed to allocate 32744 bytes for ChunkPool::allocate
# Possible reasons:
#   The system is out of physical RAM or swap space
#   In 32 bit mode, the process size limit was hit
# Possible solutions:
#   Reduce memory load on the system
#   Increase physical memory or swap space
#   Check if swap backing store is full
#   Use 64 bit Java on a 64 bit OS
#   Decrease Java heap size (-Xmx/-Xms)
#   Decrease number of Java threads
#   Decrease Java thread stack sizes (-Xss)
#   Set larger code cache with -XX:ReservedCodeCacheSize=
# This output file may be truncated or incomplete.
#
#  Out of Memory Error (allocation.cpp:273), pid=3484, tid=7912
#
# JRE version: Java(TM) SE Runtime Environment (8.0_51-b16) (build 1.8.0_51-b16)
# Java VM: Java HotSpot(TM) 64-Bit Server VM (25.51-b03 mixed mode windows-amd64 compressed oops)
# Failed to write core dump. Minidumps are not enabled by default on client versions of Windows
#

---------------  T H R E A D  ---------------

Current thread (0x00000000154ec000):  JavaThread "C2 CompilerThread0" daemon [_thread_in_vm, id=7912, stack(0x0000000016a30000,0x0000000016b30000)]

Stack: [0x0000000016a30000,0x0000000016b30000]
Native frames: (J=compiled Java code, j=interpreted, Vv=VM code, C=native code)
V  [jvm.dll+0x32b4ca]


---------------  P R O C E S S  ---------------

Java Threads: ( => current thread )
=>0x00000000154ec000 JavaThread "C2 CompilerThread0" daemon [_thread_in_vm, id=7912, stack(0x0000000016a30000,0x0000000016b30000)]
  0x00000000154ea000 JavaThread "Attach Listener" daemon [_thread_new, id=2276, stack(0x0000000000000000,0x0000000000000000)]
  0x00000000154d6800 JavaThread "Signal Dispatcher" daemon [_thread_new, id=8224, stack(0x0000000000000000,0x0000000000000000)]
  0x0000000002e06000 JavaThread "Finalizer" daemon [_thread_blocked, id=3760, stack(0x0000000016730000,0x0000000016830000)]
  0x0000000002dfd000 JavaThread "Reference Handler" daemon [_thread_blocked, id=8868, stack(0x0000000016630000,0x0000000016730000)]
  0x0000000002d11000 JavaThread "main" [_thread_in_vm, id=7628, stack(0x0000000002b10000,0x0000000002c10000)]

Other Threads:
  0x00000000154a7800 VMThread [stack: 0x0000000016530000,0x0000000016630000] [id=8056]

VM state:not at safepoint (normal execution)

VM Mutex/Monitor currently owned by a thread:  ([mutex/lock_event])
[0x0000000002d0eaa0] CompileThread_lock - owner thread: 0x00000000154ec000

Heap:
 PSYoungGen      total 38400K, used 665K [0x00000000eab00000, 0x00000000ed580000, 0x0000000100000000)
  eden space 33280K, 2% used [0x00000000eab00000,0x00000000eaba6670,0x00000000ecb80000)
  from space 5120K, 0% used [0x00000000ed080000,0x00000000ed080000,0x00000000ed580000)
  to   space 5120K, 0% used [0x00000000ecb80000,0x00000000ecb80000,0x00000000ed080000)
 ParOldGen       total 87552K, used 0K [0x00000000c0000000, 0x00000000c5580000, 0x00000000eab00000)
  object space 87552K, 0% used [0x00000000c0000000,0x00000000c0000000,0x00000000c5580000)
 Metaspace       used 2171K, capacity 4480K, committed 4480K, reserved 1056768K
  class space    used 236K, capacity 384K, committed 384K, reserved 1048576K

Card table byte_map: [0x00000000121d0000,0x00000000123e0000] byte_map_base: 0x0000000011bd0000

Marking Bits: (ParMarkBitMap*) 0x00000000698a4040
 Begin Bits: [0x0000000012940000, 0x0000000013940000)
 End Bits:   [0x0000000013940000, 0x0000000014940000)

Polling page: 0x0000000002810000

CodeCache: size=245760Kb used=434Kb max_used=434Kb free=245325Kb
 bounds [0x0000000002e10000, 0x0000000003080000, 0x0000000011e10000]
 total_blobs=165 nmethods=0 adapters=131
 compilation: enabled

Compilation events (0 events):
No events

GC Heap History (0 events):
No events

Deoptimization events (0 events):
No events

Internal exceptions (2 events):
Event: 0.920 Thread 0x0000000002d11000 Exception <a 'java/lang/NoSuchMethodError': Method sun.misc.Unsafe.defineClass(Ljava/lang/String;[BII)Ljava/lang/Class; name or signature does not match> (0x00000000eab12f38) thrown at [C:\re\workspace\8-2-build-windows-amd64-cygwin\jdk8u51\3951\hotspot\srø’n=ùtÌ?
Event: 0.920 Thread 0x0000000002d11000 Exception <a 'java/lang/NoSuchMethodError': Method sun.misc.Unsafe.prefetchRead(Ljava/lang/Object;J)V name or signature does not match> (0x00000000eab131c8) thrown at [C:\re\workspace\8-2-build-windows-amd64-cygwin\jdk8u51\3951\hotspot\src\share\vm\prims\j

Events (10 events):
Event: 1.230 loading class sun/misc/URLClassPath done
Event: 1.230 loading class sun/net/www/protocol/jar/Handler
Event: 1.231 loading class sun/net/www/protocol/jar/Handler done
Event: 1.231 loading class sun/misc/Launcher$AppClassLoader$1
Event: 1.231 loading class sun/misc/Launcher$AppClassLoader$1 done
Event: 1.232 loading class java/lang/SystemClassLoaderAction
Event: 1.232 loading class java/lang/SystemClassLoaderAction done
Event: 1.232 Thread 0x00000000154d6800 Thread added: 0x00000000154d6800
Event: 1.232 Thread 0x00000000154ea000 Thread added: 0x00000000154ea000
Event: 1.233 Thread 0x00000000154ec000 Thread added: 0x00000000154ec000


Dynamic libraries:
0x00007ff612c90000 - 0x00007ff612cc7000 	D:\Program Files\Java\jdk1.8.0_51\bin\java.exe
0x00007ffb482b0000 - 0x00007ffb48459000 	C:\Windows\SYSTEM32\ntdll.dll
0x00007ffb46050000 - 0x00007ffb46189000 	C:\Windows\system32\KERNEL32.DLL
0x00007ffb45a30000 - 0x00007ffb45b3e000 	C:\Windows\system32\KERNELBASE.dll
0x00007ffb44260000 - 0x00007ffb442eb000 	C:\Windows\system32\apphelp.dll
0x00007ffb33400000 - 0x00007ffb3344c000 	C:\Windows\AppPatch\AppPatch64\AcGenral.DLL
0x00007ffb47f60000 - 0x00007ffb48007000 	C:\Windows\system32\msvcrt.dll
0x00007ffb45410000 - 0x00007ffb4543b000 	C:\Windows\SYSTEM32\SspiCli.dll
0x00007ffb48010000 - 0x00007ffb48061000 	C:\Windows\system32\SHLWAPI.dll
0x00007ffb45e20000 - 0x00007ffb45f91000 	C:\Windows\system32\USER32.dll
0x00007ffb48080000 - 0x00007ffb481f5000 	C:\Windows\system32\ole32.dll
0x00007ffb46970000 - 0x00007ffb47d7d000 	C:\Windows\system32\SHELL32.dll
0x00007ffb44c40000 - 0x00007ffb44c5f000 	C:\Windows\SYSTEM32\USERENV.dll
0x00007ffb48200000 - 0x00007ffb482a5000 	C:\Windows\system32\ADVAPI32.dll
0x00007ffb3cc00000 - 0x00007ffb3cc1b000 	C:\Windows\SYSTEM32\MPR.dll
0x00007ffb47d80000 - 0x00007ffb47eb6000 	C:\Windows\system32\RPCRT4.dll
0x00007ffb45d70000 - 0x00007ffb45dc7000 	C:\Windows\SYSTEM32\sechost.dll
0x00007ffb46470000 - 0x00007ffb46647000 	C:\Windows\SYSTEM32\combase.dll
0x00007ffb45b40000 - 0x00007ffb45c85000 	C:\Windows\system32\GDI32.dll
0x00007ffb45630000 - 0x00007ffb45644000 	C:\Windows\SYSTEM32\profapi.dll
0x00007ffb438d0000 - 0x00007ffb43971000 	C:\Windows\SYSTEM32\SHCORE.dll
0x00007ffb45dd0000 - 0x00007ffb45e04000 	C:\Windows\system32\IMM32.DLL
0x00007ffb46190000 - 0x00007ffb462c9000 	C:\Windows\system32\MSCTF.dll
0x00007ffb431f0000 - 0x00007ffb4344a000 	C:\Windows\WinSxS\amd64_microsoft.windows.common-controls_6595b64144ccf1df_6.0.9600.16384_none_62475f7becb72503\COMCTL32.dll
0x0000000068e10000 - 0x0000000068ee2000 	D:\Program Files\Java\jdk1.8.0_51\jre\bin\msvcr100.dll
0x00000000690a0000 - 0x0000000069923000 	D:\Program Files\Java\jdk1.8.0_51\jre\bin\server\jvm.dll
0x00007ffb3dd90000 - 0x00007ffb3dd99000 	C:\Windows\SYSTEM32\WSOCK32.dll
0x00007ffb3de60000 - 0x00007ffb3de7f000 	C:\Windows\SYSTEM32\WINMM.dll
0x00007ffb3e490000 - 0x00007ffb3e49a000 	C:\Windows\SYSTEM32\VERSION.dll
0x00007ffb46960000 - 0x00007ffb46967000 	C:\Windows\system32\PSAPI.DLL
0x00007ffb46650000 - 0x00007ffb466a8000 	C:\Windows\system32\WS2_32.dll
0x00007ffb3de30000 - 0x00007ffb3de5a000 	C:\Windows\SYSTEM32\WINMMBASE.dll
0x00007ffb45e10000 - 0x00007ffb45e19000 	C:\Windows\system32\NSI.dll
0x00007ffb45700000 - 0x00007ffb4574a000 	C:\Windows\SYSTEM32\cfgmgr32.dll
0x00007ffb44380000 - 0x00007ffb443a6000 	C:\Windows\SYSTEM32\DEVOBJ.dll
0x0000000069b30000 - 0x0000000069b3f000 	D:\Program Files\Java\jdk1.8.0_51\jre\bin\verify.dll
0x0000000069b00000 - 0x0000000069b29000 	D:\Program Files\Java\jdk1.8.0_51\jre\bin\java.dll
0x0000000069ae0000 - 0x0000000069af6000 	D:\Program Files\Java\jdk1.8.0_51\jre\bin\zip.dll

VM Arguments:
jvm_args: -Xmx1024M -Dfile.encoding=GBK -Duser.country=CN -Duser.language=zh -Duser.variant 
java_command: com.android.dx.command.Main --dex --num-threads=4 --output D:\yizhi\StudioWorkspace\notebook\CarToolsC\app\build\intermediates\pre-dexed\debug\classes-d9bb51c772f76d402fc31f67bb6a2f2f9c3fa275.jar D:\yizhi\StudioWorkspace\notebook\CarToolsC\app\build\intermediates\exploded-aar\com.android.support\support-vector-drawable\23.2.1\jars\classes.jar
java_class_path (initial): D:\Users\yizhi\AppData\Local\Android\sdk\build-tools\23.0.0\lib\dx.jar
Launcher Type: SUN_STANDARD

Environment Variables:
JAVA_HOME=D:\Program Files\Java\jdk1.8.0_51
CLASSPATH=.;D:\Program Files\Java\jdk1.8.0_51\lib;D:\Program Files\Java\jdk1.8.0_51\lib\tools.jar
PATH=C:\ProgramData\Oracle\Java\javapath;C:\Windows\system32;C:\Windows;C:\Windows\System32\Wbem;C:\Windows\System32\WindowsPowerShell\v1.0\;D:\Program Files\Java\jdk1.8.0_51\bin;D:\Program Files\Java\jdk1.8.0_51\jre\bin;D:\Program Files\TortoiseSVN\bin;D:\Program Files\Android\Android Studio\gradle\gradle-2.2.1\bin;D:\adt-bundle-windows-x86_64-20140624\sdk\platform-tools;C:\apktool;D:\Program Files\Git\cmd
USERNAME=Administrator
OS=Windows_NT
PROCESSOR_IDENTIFIER=Intel64 Family 6 Model 60 Stepping 3, GenuineIntel



---------------  S Y S T E M  ---------------

OS: Windows 8.1 , 64 bit Build 9600 (6.3.9600.16656)

CPU:total 4 (2 cores per cpu, 2 threads per core) family 6 model 60 stepping 3, cmov, cx8, fxsr, mmx, sse, sse2, sse3, ssse3, sse4.1, sse4.2, popcnt, avx, avx2, aes, clmul, erms, lzcnt, ht, tsc, tscinvbit, bmi1, bmi2

Memory: 4k page, physical 8300920k(954692k free), swap 8300920k(5152k free)

vm_info: Java HotSpot(TM) 64-Bit Server VM (25.51-b03) for windows-amd64 JRE (1.8.0_51-b16), built on Jun  8 2015 18:03:07 by "java_re" with MS VC++ 10.0 (VS2010)

time: Tue May 03 12:56:50 2016
elapsed time: 1 seconds (0d 0h 0m 1s)

