#
# There is insufficient memory for the Java Runtime Environment to continue.
# Native memory allocation (malloc) failed to allocate 43616 bytes for Chunk::new
# Possible reasons:
#   The system is out of physical RAM or swap space
#   In 32 bit mode, the process size limit was hit
# Possible solutions:
#   Reduce memory load on the system
#   Increase physical memory or swap space
#   Check if swap backing store is full
#   Use 64 bit Java on a 64 bit OS
#   Decrease Java heap size (-Xmx/-Xms)
#   Decrease number of Java threads
#   Decrease Java thread stack sizes (-Xss)
#   Set larger code cache with -XX:ReservedCodeCacheSize=
# This output file may be truncated or incomplete.
#
#  Out of Memory Error (allocation.cpp:390), pid=7348, tid=3328
#
# JRE version: Java(TM) SE Runtime Environment (8.0_51-b16) (build 1.8.0_51-b16)
# Java VM: Java HotSpot(TM) 64-Bit Server VM (25.51-b03 mixed mode windows-amd64 compressed oops)
# Failed to write core dump. Minidumps are not enabled by default on client versions of Windows
#

---------------  T H R E A D  ---------------

Current thread (0x0000000016293800):  JavaThread "C2 CompilerThread1" daemon [_thread_in_native, id=3328, stack(0x0000000016640000,0x0000000016740000)]

Stack: [0x0000000016640000,0x0000000016740000]
Native frames: (J=compiled Java code, j=interpreted, Vv=VM code, C=native code)
V  [jvm.dll+0x32b4ca]


Current CompileTask:
C2:   1198  378       4       java.lang.String::replace (127 bytes)


---------------  P R O C E S S  ---------------

Java Threads: ( => current thread )
  0x00000000164d1000 JavaThread "pool-1-thread-4" [_thread_new, id=4412, stack(0x0000000000000000,0x0000000000000000)]
  0x00000000164c4000 JavaThread "pool-1-thread-3" [_thread_in_vm, id=8868, stack(0x0000000016d40000,0x0000000016e40000)]
  0x00000000164c9800 JavaThread "pool-1-thread-2" [_thread_in_vm, id=7368, stack(0x0000000016c40000,0x0000000016d40000)]
  0x00000000164c0800 JavaThread "pool-2-thread-1" [_thread_blocked, id=2996, stack(0x0000000016b40000,0x0000000016c40000)]
  0x00000000164b9000 JavaThread "pool-1-thread-1" [_thread_blocked, id=1192, stack(0x0000000016a40000,0x0000000016b40000)]
  0x00000000162a1000 JavaThread "Service Thread" daemon [_thread_blocked, id=7236, stack(0x0000000016840000,0x0000000016940000)]
  0x0000000014c3e800 JavaThread "C1 CompilerThread2" daemon [_thread_in_vm, id=7652, stack(0x0000000016740000,0x0000000016840000)]
=>0x0000000016293800 JavaThread "C2 CompilerThread1" daemon [_thread_in_native, id=3328, stack(0x0000000016640000,0x0000000016740000)]
  0x0000000014c38000 JavaThread "C2 CompilerThread0" daemon [_thread_blocked, id=2868, stack(0x0000000016140000,0x0000000016240000)]
  0x0000000014bec800 JavaThread "Attach Listener" daemon [_thread_blocked, id=1016, stack(0x0000000016040000,0x0000000016140000)]
  0x0000000014beb800 JavaThread "Signal Dispatcher" daemon [_thread_blocked, id=9036, stack(0x0000000015f40000,0x0000000016040000)]
  0x0000000002501800 JavaThread "Finalizer" daemon [_thread_blocked, id=3704, stack(0x0000000015e40000,0x0000000015f40000)]
  0x00000000024fe800 JavaThread "Reference Handler" daemon [_thread_blocked, id=2028, stack(0x0000000015d40000,0x0000000015e40000)]
  0x0000000002411000 JavaThread "main" [_thread_blocked, id=8948, stack(0x0000000002310000,0x0000000002410000)]

Other Threads:
  0x0000000014ba6800 VMThread [stack: 0x0000000015c40000,0x0000000015d40000] [id=7380]
  0x00000000162b2800 WatcherThread [stack: 0x0000000016940000,0x0000000016a40000] [id=8992]

VM state:synchronizing (normal execution)

VM Mutex/Monitor currently owned by a thread:  ([mutex/lock_event])
[0x0000000001fbcc10] Safepoint_lock - owner thread: 0x0000000014ba6800
[0x0000000001fbc290] Threads_lock - owner thread: 0x0000000014ba6800
[0x0000000001fbc910] Heap_lock - owner thread: 0x00000000164c9800

Heap:
 PSYoungGen      total 38400K, used 9326K [0x00000000eab00000, 0x00000000ed580000, 0x0000000100000000)
  eden space 33280K, 28% used [0x00000000eab00000,0x00000000eb41b980,0x00000000ecb80000)
  from space 5120K, 0% used [0x00000000ed080000,0x00000000ed080000,0x00000000ed580000)
  to   space 5120K, 0% used [0x00000000ecb80000,0x00000000ecb80000,0x00000000ed080000)
 ParOldGen       total 87552K, used 0K [0x00000000c0000000, 0x00000000c5580000, 0x00000000eab00000)
  object space 87552K, 0% used [0x00000000c0000000,0x00000000c0000000,0x00000000c5580000)
 Metaspace       used 4765K, capacity 5872K, committed 6016K, reserved 1058816K
  class space    used 520K, capacity 552K, committed 640K, reserved 1048576K

Card table byte_map: [0x00000000118d0000,0x0000000011ae0000] byte_map_base: 0x00000000112d0000

Marking Bits: (ParMarkBitMap*) 0x00000000698a4040
 Begin Bits: [0x0000000012040000, 0x0000000013040000)
 End Bits:   [0x0000000013040000, 0x0000000014040000)

Polling page: 0x00000000006f0000

CodeCache: size=245760Kb used=1976Kb max_used=1976Kb free=243783Kb
 bounds [0x0000000002510000, 0x0000000002780000, 0x0000000011510000]
 total_blobs=657 nmethods=391 adapters=179
 compilation: enabled

Compilation events (10 events):
Event: 1.147 Thread 0x0000000014c3e800 nmethod 373 0x00000000026f5ed0 code [0x00000000026f6020, 0x00000000026f6130]
Event: 1.148 Thread 0x0000000014c3e800  374       3       java.net.URL::toString (5 bytes)
Event: 1.148 Thread 0x0000000014c3e800 nmethod 374 0x00000000026f6190 code [0x00000000026f6300, 0x00000000026f65e8]
Event: 1.148 Thread 0x0000000014c3e800  376       3       java.util.BitSet::nextSetBit (102 bytes)
Event: 1.148 Thread 0x0000000016293800  378       4       java.lang.String::replace (127 bytes)
Event: 1.148 Thread 0x0000000014c3e800 nmethod 376 0x00000000026f66d0 code [0x00000000026f68e0, 0x00000000026f73b8]
Event: 1.148 Thread 0x0000000014c3e800  377       3       com.android.dx.rop.code.RegisterSpec::hashCodeOf (30 bytes)
Event: 1.149 Thread 0x0000000014c3e800 nmethod 377 0x00000000026f7950 code [0x00000000026f7ac0, 0x00000000026f7d78]
Event: 1.149 Thread 0x0000000014c3e800  375       3       java.net.URL::toExternalForm (9 bytes)
Event: 1.149 Thread 0x0000000014c3e800 nmethod 375 0x00000000026f7e90 code [0x00000000026f8000, 0x00000000026f8228]

GC Heap History (0 events):
No events

Deoptimization events (0 events):
No events

Internal exceptions (2 events):
Event: 0.063 Thread 0x0000000002411000 Exception <a 'java/lang/NoSuchMethodError': Method sun.misc.Unsafe.defineClass(Ljava/lang/String;[BII)Ljava/lang/Class; name or signature does not match> (0x00000000eab12f38) thrown at [C:\re\workspace\8-2-build-windows-amd64-cygwin\jdk8u51\3951\hotspot\srOm@8°?
Event: 0.063 Thread 0x0000000002411000 Exception <a 'java/lang/NoSuchMethodError': Method sun.misc.Unsafe.prefetchRead(Ljava/lang/Object;J)V name or signature does not match> (0x00000000eab131c8) thrown at [C:\re\workspace\8-2-build-windows-amd64-cygwin\jdk8u51\3951\hotspot\src\share\vm\prims\j

Events (10 events):
Event: 1.147 loading class com/android/dx/util/BitIntSet$1
Event: 1.147 loading class com/android/dx/util/BitIntSet$1 done
Event: 1.147 loading class com/android/dx/ssa/SsaRenamer
Event: 1.147 loading class com/android/dx/ssa/SsaRenamer done
Event: 1.148 loading class com/android/dx/ssa/SsaRenamer$1
Event: 1.148 loading class com/android/dx/ssa/SsaRenamer$1 done
Event: 1.148 loading class com/android/dx/ssa/SsaRenamer$BlockRenamer
Event: 1.148 loading class com/android/dx/ssa/SsaRenamer$BlockRenamer done
Event: 1.149 loading class com/android/dx/ssa/PhiInsn
Event: 1.149 loading class com/android/dx/ssa/PhiInsn done


Dynamic libraries:
0x00007ff612c90000 - 0x00007ff612cc7000 	D:\Program Files\Java\jdk1.8.0_51\bin\java.exe
0x00007ffb482b0000 - 0x00007ffb48459000 	C:\Windows\SYSTEM32\ntdll.dll
0x00007ffb46050000 - 0x00007ffb46189000 	C:\Windows\system32\KERNEL32.DLL
0x00007ffb45a30000 - 0x00007ffb45b3e000 	C:\Windows\system32\KERNELBASE.dll
0x00007ffb44260000 - 0x00007ffb442eb000 	C:\Windows\system32\apphelp.dll
0x00007ffb33400000 - 0x00007ffb3344c000 	C:\Windows\AppPatch\AppPatch64\AcGenral.DLL
0x00007ffb47f60000 - 0x00007ffb48007000 	C:\Windows\system32\msvcrt.dll
0x00007ffb45410000 - 0x00007ffb4543b000 	C:\Windows\SYSTEM32\SspiCli.dll
0x00007ffb48010000 - 0x00007ffb48061000 	C:\Windows\system32\SHLWAPI.dll
0x00007ffb45e20000 - 0x00007ffb45f91000 	C:\Windows\system32\USER32.dll
0x00007ffb48080000 - 0x00007ffb481f5000 	C:\Windows\system32\ole32.dll
0x00007ffb46970000 - 0x00007ffb47d7d000 	C:\Windows\system32\SHELL32.dll
0x00007ffb44c40000 - 0x00007ffb44c5f000 	C:\Windows\SYSTEM32\USERENV.dll
0x00007ffb48200000 - 0x00007ffb482a5000 	C:\Windows\system32\ADVAPI32.dll
0x00007ffb3cc00000 - 0x00007ffb3cc1b000 	C:\Windows\SYSTEM32\MPR.dll
0x00007ffb47d80000 - 0x00007ffb47eb6000 	C:\Windows\system32\RPCRT4.dll
0x00007ffb45d70000 - 0x00007ffb45dc7000 	C:\Windows\SYSTEM32\sechost.dll
0x00007ffb46470000 - 0x00007ffb46647000 	C:\Windows\SYSTEM32\combase.dll
0x00007ffb45b40000 - 0x00007ffb45c85000 	C:\Windows\system32\GDI32.dll
0x00007ffb45630000 - 0x00007ffb45644000 	C:\Windows\SYSTEM32\profapi.dll
0x00007ffb438d0000 - 0x00007ffb43971000 	C:\Windows\SYSTEM32\SHCORE.dll
0x00007ffb45dd0000 - 0x00007ffb45e04000 	C:\Windows\system32\IMM32.DLL
0x00007ffb46190000 - 0x00007ffb462c9000 	C:\Windows\system32\MSCTF.dll
0x00007ffb431f0000 - 0x00007ffb4344a000 	C:\Windows\WinSxS\amd64_microsoft.windows.common-controls_6595b64144ccf1df_6.0.9600.16384_none_62475f7becb72503\COMCTL32.dll
0x0000000068e10000 - 0x0000000068ee2000 	D:\Program Files\Java\jdk1.8.0_51\jre\bin\msvcr100.dll
0x00000000690a0000 - 0x0000000069923000 	D:\Program Files\Java\jdk1.8.0_51\jre\bin\server\jvm.dll
0x00007ffb3dd90000 - 0x00007ffb3dd99000 	C:\Windows\SYSTEM32\WSOCK32.dll
0x00007ffb3de60000 - 0x00007ffb3de7f000 	C:\Windows\SYSTEM32\WINMM.dll
0x00007ffb3e490000 - 0x00007ffb3e49a000 	C:\Windows\SYSTEM32\VERSION.dll
0x00007ffb46960000 - 0x00007ffb46967000 	C:\Windows\system32\PSAPI.DLL
0x00007ffb46650000 - 0x00007ffb466a8000 	C:\Windows\system32\WS2_32.dll
0x00007ffb3de30000 - 0x00007ffb3de5a000 	C:\Windows\SYSTEM32\WINMMBASE.dll
0x00007ffb45e10000 - 0x00007ffb45e19000 	C:\Windows\system32\NSI.dll
0x00007ffb45700000 - 0x00007ffb4574a000 	C:\Windows\SYSTEM32\cfgmgr32.dll
0x00007ffb44380000 - 0x00007ffb443a6000 	C:\Windows\SYSTEM32\DEVOBJ.dll
0x0000000069b30000 - 0x0000000069b3f000 	D:\Program Files\Java\jdk1.8.0_51\jre\bin\verify.dll
0x0000000069b00000 - 0x0000000069b29000 	D:\Program Files\Java\jdk1.8.0_51\jre\bin\java.dll
0x0000000069ae0000 - 0x0000000069af6000 	D:\Program Files\Java\jdk1.8.0_51\jre\bin\zip.dll

VM Arguments:
jvm_args: -Xmx1024M -Dfile.encoding=GBK -Duser.country=CN -Duser.language=zh -Duser.variant 
java_command: com.android.dx.command.Main --dex --num-threads=4 --output D:\yizhi\StudioWorkspace\notebook\CarToolsC\app\build\intermediates\pre-dexed\debug\classes-fd94a31a4caafca3f6712bb37a59e3295d869441.jar D:\yizhi\StudioWorkspace\notebook\CarToolsC\app\build\intermediates\exploded-aar\com.google.android.gms\play-services-basement\8.1.0\jars\classes.jar
java_class_path (initial): D:\Users\yizhi\AppData\Local\Android\sdk\build-tools\23.0.0\lib\dx.jar
Launcher Type: SUN_STANDARD

Environment Variables:
JAVA_HOME=D:\Program Files\Java\jdk1.8.0_51
CLASSPATH=.;D:\Program Files\Java\jdk1.8.0_51\lib;D:\Program Files\Java\jdk1.8.0_51\lib\tools.jar
PATH=C:\ProgramData\Oracle\Java\javapath;C:\Windows\system32;C:\Windows;C:\Windows\System32\Wbem;C:\Windows\System32\WindowsPowerShell\v1.0\;D:\Program Files\Java\jdk1.8.0_51\bin;D:\Program Files\Java\jdk1.8.0_51\jre\bin;D:\Program Files\TortoiseSVN\bin;D:\Program Files\Android\Android Studio\gradle\gradle-2.2.1\bin;D:\adt-bundle-windows-x86_64-20140624\sdk\platform-tools;C:\apktool;D:\Program Files\Git\cmd
USERNAME=Administrator
OS=Windows_NT
PROCESSOR_IDENTIFIER=Intel64 Family 6 Model 60 Stepping 3, GenuineIntel



---------------  S Y S T E M  ---------------

OS: Windows 8.1 , 64 bit Build 9600 (6.3.9600.16656)

CPU:total 4 (2 cores per cpu, 2 threads per core) family 6 model 60 stepping 3, cmov, cx8, fxsr, mmx, sse, sse2, sse3, ssse3, sse4.1, sse4.2, popcnt, avx, avx2, aes, clmul, erms, lzcnt, ht, tsc, tscinvbit, bmi1, bmi2

Memory: 4k page, physical 8300920k(1719280k free), swap 8300920k(209176k free)

vm_info: Java HotSpot(TM) 64-Bit Server VM (25.51-b03) for windows-amd64 JRE (1.8.0_51-b16), built on Jun  8 2015 18:03:07 by "java_re" with MS VC++ 10.0 (VS2010)

time: Tue May 03 13:35:14 2016
elapsed time: 1 seconds (0d 0h 0m 1s)

