#
# There is insufficient memory for the Java Runtime Environment to continue.
# Native memory allocation (malloc) failed to allocate 535936 bytes for Chunk::new
# Possible reasons:
#   The system is out of physical RAM or swap space
#   In 32 bit mode, the process size limit was hit
# Possible solutions:
#   Reduce memory load on the system
#   Increase physical memory or swap space
#   Check if swap backing store is full
#   Use 64 bit Java on a 64 bit OS
#   Decrease Java heap size (-Xmx/-Xms)
#   Decrease number of Java threads
#   Decrease Java thread stack sizes (-Xss)
#   Set larger code cache with -XX:ReservedCodeCacheSize=
# This output file may be truncated or incomplete.
#
#  Out of Memory Error (allocation.cpp:390), pid=8972, tid=9188
#
# JRE version: Java(TM) SE Runtime Environment (8.0_51-b16) (build 1.8.0_51-b16)
# Java VM: Java HotSpot(TM) 64-Bit Server VM (25.51-b03 mixed mode windows-amd64 compressed oops)
# Failed to write core dump. Minidumps are not enabled by default on client versions of Windows
#

---------------  T H R E A D  ---------------

Current thread (0x0000000015018800):  JavaThread "C2 CompilerThread0" daemon [_thread_in_native, id=9188, stack(0x0000000016520000,0x0000000016620000)]

Stack: [0x0000000016520000,0x0000000016620000]
Native frames: (J=compiled Java code, j=interpreted, Vv=VM code, C=native code)
V  [jvm.dll+0x32b4ca]
V  [jvm.dll+0x2797e3]
V  [jvm.dll+0x27a479]
V  [jvm.dll+0x271765]
V  [jvm.dll+0xcba02]
V  [jvm.dll+0xcbecc]
V  [jvm.dll+0x476f72]
V  [jvm.dll+0x4b95ff]
V  [jvm.dll+0x46b9bf]
V  [jvm.dll+0x46cd4e]
V  [jvm.dll+0x4501a2]
V  [jvm.dll+0xa43a2]
V  [jvm.dll+0xa4cdf]
V  [jvm.dll+0x2418a4]
V  [jvm.dll+0x29846a]
C  [msvcr100.dll+0x21d9f]
C  [msvcr100.dll+0x21e3b]
C  [KERNEL32.DLL+0x15dd]
C  [ntdll.dll+0x764ad]


Current CompileTask:
C2:   1595 1429       4       com.android.dx.ssa.back.LivenessAnalyzer::run (231 bytes)


---------------  P R O C E S S  ---------------

Java Threads: ( => current thread )
  0x000000001695d800 JavaThread "pool-1-thread-4" [_thread_blocked, id=5236, stack(0x0000000017220000,0x0000000017320000)]
  0x000000001693e000 JavaThread "pool-1-thread-3" [_thread_blocked, id=6124, stack(0x0000000017120000,0x0000000017220000)]
  0x000000001693a000 JavaThread "pool-1-thread-2" [_thread_blocked, id=9120, stack(0x0000000017020000,0x0000000017120000)]
  0x0000000016937000 JavaThread "pool-2-thread-1" [_thread_blocked, id=7460, stack(0x0000000016f20000,0x0000000017020000)]
  0x0000000016930800 JavaThread "pool-1-thread-1" [_thread_blocked, id=8576, stack(0x0000000016e20000,0x0000000016f20000)]
  0x0000000016681800 JavaThread "Service Thread" daemon [_thread_blocked, id=7952, stack(0x0000000016c20000,0x0000000016d20000)]
  0x0000000016679800 JavaThread "C1 CompilerThread2" daemon [_thread_blocked, id=2800, stack(0x0000000016b20000,0x0000000016c20000)]
  0x0000000016673800 JavaThread "C2 CompilerThread1" daemon [_thread_in_native, id=8732, stack(0x0000000016a20000,0x0000000016b20000)]
=>0x0000000015018800 JavaThread "C2 CompilerThread0" daemon [_thread_in_native, id=9188, stack(0x0000000016520000,0x0000000016620000)]
  0x0000000014fcc800 JavaThread "Attach Listener" daemon [_thread_blocked, id=7972, stack(0x0000000016420000,0x0000000016520000)]
  0x0000000014fcb800 JavaThread "Signal Dispatcher" daemon [_thread_blocked, id=8956, stack(0x0000000016320000,0x0000000016420000)]
  0x00000000028e6000 JavaThread "Finalizer" daemon [_thread_blocked, id=6480, stack(0x0000000016220000,0x0000000016320000)]
  0x00000000028dd000 JavaThread "Reference Handler" daemon [_thread_blocked, id=9136, stack(0x0000000016120000,0x0000000016220000)]
  0x00000000027f1000 JavaThread "main" [_thread_in_vm, id=7176, stack(0x00000000023b0000,0x00000000024b0000)]

Other Threads:
  0x0000000014f87800 VMThread [stack: 0x0000000016020000,0x0000000016120000] [id=5884]
  0x00000000166a2800 WatcherThread [stack: 0x0000000016d20000,0x0000000016e20000] [id=3820]

VM state:not at safepoint (normal execution)

VM Mutex/Monitor currently owned by a thread: None

Heap:
 PSYoungGen      total 38400K, used 12685K [0x00000000eab00000, 0x00000000ed580000, 0x0000000100000000)
  eden space 33280K, 22% used [0x00000000eab00000,0x00000000eb266be8,0x00000000ecb80000)
  from space 5120K, 99% used [0x00000000ecb80000,0x00000000ed07cad8,0x00000000ed080000)
  to   space 5120K, 0% used [0x00000000ed080000,0x00000000ed080000,0x00000000ed580000)
 ParOldGen       total 87552K, used 1805K [0x00000000c0000000, 0x00000000c5580000, 0x00000000eab00000)
  object space 87552K, 2% used [0x00000000c0000000,0x00000000c01c3578,0x00000000c5580000)
 Metaspace       used 5986K, capacity 6960K, committed 7040K, reserved 1056768K
  class space    used 583K, capacity 616K, committed 640K, reserved 1048576K

Card table byte_map: [0x0000000011cb0000,0x0000000011ec0000] byte_map_base: 0x00000000116b0000

Marking Bits: (ParMarkBitMap*) 0x00000000698a4040
 Begin Bits: [0x0000000012420000, 0x0000000013420000)
 End Bits:   [0x0000000013420000, 0x0000000014420000)

Polling page: 0x0000000000b10000

CodeCache: size=245760Kb used=5820Kb max_used=5820Kb free=239939Kb
 bounds [0x00000000028f0000, 0x0000000002eb0000, 0x00000000118f0000]
 total_blobs=1709 nmethods=1438 adapters=184
 compilation: enabled

Compilation events (10 events):
Event: 1.559 Thread 0x0000000016679800 1443       3       com.android.dx.rop.cst.StdConstantPool::get0Ok (12 bytes)
Event: 1.560 Thread 0x0000000016679800 nmethod 1443 0x0000000002e99b10 code [0x0000000002e99dc0, 0x0000000002e9af58]
Event: 1.563 Thread 0x0000000016679800 1444       3       com.android.dx.rop.cst.CstArray$List::set (7 bytes)
Event: 1.563 Thread 0x0000000016679800 nmethod 1444 0x0000000002e9bd10 code [0x0000000002e9bee0, 0x0000000002e9c6c8]
Event: 1.563 Thread 0x0000000016679800 1445       3       com.android.dx.dex.file.DexFile::internIfAppropriate (128 bytes)
Event: 1.564 Thread 0x0000000016679800 nmethod 1445 0x0000000002e9cc90 code [0x0000000002e9cf20, 0x0000000002e9e498]
Event: 1.564 Thread 0x0000000016679800 1446       3       com.android.dx.cf.code.ConcreteMethod::getMaxStack (8 bytes)
Event: 1.565 Thread 0x0000000016679800 nmethod 1446 0x0000000002e8d410 code [0x0000000002e8d560, 0x0000000002e8d750]
Event: 1.567 Thread 0x0000000016679800 1447       3       com.android.dx.ssa.PhiTypeResolver::resolveResultType (308 bytes)
Event: 1.572 Thread 0x0000000016679800 nmethod 1447 0x0000000002e9ea10 code [0x0000000002e9eea0, 0x0000000002ea2598]

GC Heap History (2 events):
Event: 1.353 GC heap before
{Heap before GC invocations=1 (full 0):
 PSYoungGen      total 38400K, used 33280K [0x00000000eab00000, 0x00000000ed580000, 0x0000000100000000)
  eden space 33280K, 100% used [0x00000000eab00000,0x00000000ecb80000,0x00000000ecb80000)
  from space 5120K, 0% used [0x00000000ed080000,0x00000000ed080000,0x00000000ed580000)
  to   space 5120K, 0% used [0x00000000ecb80000,0x00000000ecb80000,0x00000000ed080000)
 ParOldGen       total 87552K, used 0K [0x00000000c0000000, 0x00000000c5580000, 0x00000000eab00000)
  object space 87552K, 0% used [0x00000000c0000000,0x00000000c0000000,0x00000000c5580000)
 Metaspace       used 5958K, capacity 6960K, committed 7040K, reserved 1056768K
  class space    used 583K, capacity 616K, committed 640K, reserved 1048576K
Event: 1.441 GC heap after
Heap after GC invocations=1 (full 0):
 PSYoungGen      total 38400K, used 5106K [0x00000000eab00000, 0x00000000ed580000, 0x0000000100000000)
  eden space 33280K, 0% used [0x00000000eab00000,0x00000000eab00000,0x00000000ecb80000)
  from space 5120K, 99% used [0x00000000ecb80000,0x00000000ed07cad8,0x00000000ed080000)
  to   space 5120K, 0% used [0x00000000ed080000,0x00000000ed080000,0x00000000ed580000)
 ParOldGen       total 87552K, used 1805K [0x00000000c0000000, 0x00000000c5580000, 0x00000000eab00000)
  object space 87552K, 2% used [0x00000000c0000000,0x00000000c01c3578,0x00000000c5580000)
 Metaspace       used 5958K, capacity 6960K, committed 7040K, reserved 1056768K
  class space    used 583K, capacity 616K, committed 640K, reserved 1048576K
}

Deoptimization events (10 events):
Event: 0.568 Thread 0x000000001693a000 Uncommon trap: reason=unstable_if action=reinterpret pc=0x0000000002b0c2bc method=java.util.HashMap.getNode(ILjava/lang/Object;)Ljava/util/HashMap$Node; @ 62
Event: 0.660 Thread 0x000000001693e000 Uncommon trap: reason=unstable_if action=reinterpret pc=0x0000000002b57d30 method=java.util.BitSet.nextSetBit(I)I @ 87
Event: 0.661 Thread 0x000000001693e000 Uncommon trap: reason=unstable_if action=reinterpret pc=0x0000000002b8ed74 method=java.util.BitSet.ensureCapacity(I)V @ 6
Event: 0.664 Thread 0x000000001695d800 Uncommon trap: reason=bimorphic action=maybe_recompile pc=0x0000000002b87340 method=java.util.HashMap.getNode(ILjava/lang/Object;)Ljava/util/HashMap$Node; @ 126
Event: 0.944 Thread 0x00000000027f1000 Uncommon trap: reason=unloaded action=reinterpret pc=0x0000000002c3ffe0 method=com.android.dx.ssa.SsaRenamer$BlockRenamer.visitMoveInsn(Lcom/android/dx/ssa/NormalSsaInsn;)V @ 208
Event: 0.950 Thread 0x00000000027f1000 Uncommon trap: reason=unstable_if action=reinterpret pc=0x0000000002c59d90 method=com.android.dx.ssa.NormalSsaInsn.getLocalAssignment()Lcom/android/dx/rop/code/RegisterSpec; @ 12
Event: 0.951 Thread 0x00000000027f1000 Uncommon trap: reason=unstable_if action=reinterpret pc=0x0000000002c48ba8 method=com.android.dx.ssa.NormalSsaInsn.getLocalAssignment()Lcom/android/dx/rop/code/RegisterSpec; @ 12
Event: 0.951 Thread 0x00000000027f1000 Uncommon trap: reason=unstable_if action=reinterpret pc=0x0000000002c35bf0 method=com.android.dx.ssa.NormalSsaInsn.getLocalAssignment()Lcom/android/dx/rop/code/RegisterSpec; @ 12
Event: 1.329 Thread 0x0000000016930800 Uncommon trap: reason=bimorphic action=maybe_recompile pc=0x0000000002e126c0 method=com.android.dx.ssa.SCCP.simulatePhi(Lcom/android/dx/ssa/PhiInsn;)V @ 124
Event: 1.551 Thread 0x000000001693e000 Uncommon trap: reason=unstable_if action=reinterpret pc=0x0000000002e621b4 method=com.android.dx.ssa.LiteralOpUpgrader$1.visitNonMoveInsn(Lcom/android/dx/ssa/NormalSsaInsn;)V @ 151

Internal exceptions (2 events):
Event: 0.049 Thread 0x00000000027f1000 Exception <a 'java/lang/NoSuchMethodError': Method sun.misc.Unsafe.defineClass(Ljava/lang/String;[BII)Ljava/lang/Class; name or signature does not match> (0x00000000eab12b60) thrown at [C:\re\workspace\8-2-build-windows-amd64-cygwin\jdk8u51\3951\hotspot\sr?Åµ^$©?
Event: 0.049 Thread 0x00000000027f1000 Exception <a 'java/lang/NoSuchMethodError': Method sun.misc.Unsafe.prefetchRead(Ljava/lang/Object;J)V name or signature does not match> (0x00000000eab12df0) thrown at [C:\re\workspace\8-2-build-windows-amd64-cygwin\jdk8u51\3951\hotspot\src\share\vm\prims\j

Events (10 events):
Event: 1.329 Thread 0x0000000016930800 Uncommon trap: trap_request=0xffffffc6 fr.pc=0x0000000002e126c0
Event: 1.329 Thread 0x0000000016930800 DEOPT PACKING pc=0x0000000002e126c0 sp=0x0000000016f1ea50
Event: 1.329 Thread 0x0000000016930800 DEOPT UNPACKING pc=0x000000000293582a sp=0x0000000016f1ea08 mode 2
Event: 1.351 Executing VM operation: ParallelGCFailedAllocation
Event: 1.441 Executing VM operation: ParallelGCFailedAllocation done
Event: 1.449 Thread 0x000000001695d800 DEOPT PACKING pc=0x0000000002ca3bc1 sp=0x000000001731eb60
Event: 1.449 Thread 0x000000001695d800 DEOPT UNPACKING pc=0x000000000293787f sp=0x000000001731e928 mode 0
Event: 1.551 Thread 0x000000001693e000 Uncommon trap: trap_request=0xffffff65 fr.pc=0x0000000002e621b4
Event: 1.551 Thread 0x000000001693e000 DEOPT PACKING pc=0x0000000002e621b4 sp=0x000000001721e8b0
Event: 1.551 Thread 0x000000001693e000 DEOPT UNPACKING pc=0x000000000293582a sp=0x000000001721e8a0 mode 2


Dynamic libraries:
0x00007ff612c90000 - 0x00007ff612cc7000 	D:\Program Files\Java\jdk1.8.0_51\bin\java.exe
0x00007ffb482b0000 - 0x00007ffb48459000 	C:\Windows\SYSTEM32\ntdll.dll
0x00007ffb46050000 - 0x00007ffb46189000 	C:\Windows\system32\KERNEL32.DLL
0x00007ffb45a30000 - 0x00007ffb45b3e000 	C:\Windows\system32\KERNELBASE.dll
0x00007ffb44260000 - 0x00007ffb442eb000 	C:\Windows\system32\apphelp.dll
0x00007ffb33400000 - 0x00007ffb3344c000 	C:\Windows\AppPatch\AppPatch64\AcGenral.DLL
0x00007ffb47f60000 - 0x00007ffb48007000 	C:\Windows\system32\msvcrt.dll
0x00007ffb45410000 - 0x00007ffb4543b000 	C:\Windows\SYSTEM32\SspiCli.dll
0x00007ffb48010000 - 0x00007ffb48061000 	C:\Windows\system32\SHLWAPI.dll
0x00007ffb45e20000 - 0x00007ffb45f91000 	C:\Windows\system32\USER32.dll
0x00007ffb48080000 - 0x00007ffb481f5000 	C:\Windows\system32\ole32.dll
0x00007ffb46970000 - 0x00007ffb47d7d000 	C:\Windows\system32\SHELL32.dll
0x00007ffb44c40000 - 0x00007ffb44c5f000 	C:\Windows\SYSTEM32\USERENV.dll
0x00007ffb48200000 - 0x00007ffb482a5000 	C:\Windows\system32\ADVAPI32.dll
0x00007ffb3cc00000 - 0x00007ffb3cc1b000 	C:\Windows\SYSTEM32\MPR.dll
0x00007ffb47d80000 - 0x00007ffb47eb6000 	C:\Windows\system32\RPCRT4.dll
0x00007ffb45d70000 - 0x00007ffb45dc7000 	C:\Windows\SYSTEM32\sechost.dll
0x00007ffb46470000 - 0x00007ffb46647000 	C:\Windows\SYSTEM32\combase.dll
0x00007ffb45b40000 - 0x00007ffb45c85000 	C:\Windows\system32\GDI32.dll
0x00007ffb45630000 - 0x00007ffb45644000 	C:\Windows\SYSTEM32\profapi.dll
0x00007ffb438d0000 - 0x00007ffb43971000 	C:\Windows\SYSTEM32\SHCORE.dll
0x00007ffb45dd0000 - 0x00007ffb45e04000 	C:\Windows\system32\IMM32.DLL
0x00007ffb46190000 - 0x00007ffb462c9000 	C:\Windows\system32\MSCTF.dll
0x00007ffb431f0000 - 0x00007ffb4344a000 	C:\Windows\WinSxS\amd64_microsoft.windows.common-controls_6595b64144ccf1df_6.0.9600.16384_none_62475f7becb72503\COMCTL32.dll
0x0000000068e10000 - 0x0000000068ee2000 	D:\Program Files\Java\jdk1.8.0_51\jre\bin\msvcr100.dll
0x00000000690a0000 - 0x0000000069923000 	D:\Program Files\Java\jdk1.8.0_51\jre\bin\server\jvm.dll
0x00007ffb3dd90000 - 0x00007ffb3dd99000 	C:\Windows\SYSTEM32\WSOCK32.dll
0x00007ffb3de60000 - 0x00007ffb3de7f000 	C:\Windows\SYSTEM32\WINMM.dll
0x00007ffb3e490000 - 0x00007ffb3e49a000 	C:\Windows\SYSTEM32\VERSION.dll
0x00007ffb46960000 - 0x00007ffb46967000 	C:\Windows\system32\PSAPI.DLL
0x00007ffb46650000 - 0x00007ffb466a8000 	C:\Windows\system32\WS2_32.dll
0x00007ffb3de30000 - 0x00007ffb3de5a000 	C:\Windows\SYSTEM32\WINMMBASE.dll
0x00007ffb45e10000 - 0x00007ffb45e19000 	C:\Windows\system32\NSI.dll
0x00007ffb45700000 - 0x00007ffb4574a000 	C:\Windows\SYSTEM32\cfgmgr32.dll
0x00007ffb44380000 - 0x00007ffb443a6000 	C:\Windows\SYSTEM32\DEVOBJ.dll
0x0000000069b30000 - 0x0000000069b3f000 	D:\Program Files\Java\jdk1.8.0_51\jre\bin\verify.dll
0x0000000069b00000 - 0x0000000069b29000 	D:\Program Files\Java\jdk1.8.0_51\jre\bin\java.dll
0x0000000069ae0000 - 0x0000000069af6000 	D:\Program Files\Java\jdk1.8.0_51\jre\bin\zip.dll
0x00007ffb315e0000 - 0x00007ffb31768000 	C:\Windows\SYSTEM32\dbghelp.dll

VM Arguments:
jvm_args: -Xmx1024M -Dfile.encoding=GBK -Duser.country=CN -Duser.language=zh -Duser.variant 
java_command: com.android.dx.command.Main --dex --num-threads=4 --output D:\yizhi\StudioWorkspace\notebook\CarToolsC\app\build\intermediates\pre-dexed\debug\classes-fd94a31a4caafca3f6712bb37a59e3295d869441.jar D:\yizhi\StudioWorkspace\notebook\CarToolsC\app\build\intermediates\exploded-aar\com.google.android.gms\play-services-basement\8.1.0\jars\classes.jar
java_class_path (initial): D:\Users\yizhi\AppData\Local\Android\sdk\build-tools\23.0.0\lib\dx.jar
Launcher Type: SUN_STANDARD

Environment Variables:
JAVA_HOME=D:\Program Files\Java\jdk1.8.0_51
CLASSPATH=.;D:\Program Files\Java\jdk1.8.0_51\lib;D:\Program Files\Java\jdk1.8.0_51\lib\tools.jar
PATH=C:\ProgramData\Oracle\Java\javapath;C:\Windows\system32;C:\Windows;C:\Windows\System32\Wbem;C:\Windows\System32\WindowsPowerShell\v1.0\;D:\Program Files\Java\jdk1.8.0_51\bin;D:\Program Files\Java\jdk1.8.0_51\jre\bin;D:\Program Files\TortoiseSVN\bin;D:\Program Files\Android\Android Studio\gradle\gradle-2.2.1\bin;D:\adt-bundle-windows-x86_64-20140624\sdk\platform-tools;C:\apktool;D:\Program Files\Git\cmd
USERNAME=Administrator
OS=Windows_NT
PROCESSOR_IDENTIFIER=Intel64 Family 6 Model 60 Stepping 3, GenuineIntel



---------------  S Y S T E M  ---------------

OS: Windows 8.1 , 64 bit Build 9600 (6.3.9600.16656)

CPU:total 4 (2 cores per cpu, 2 threads per core) family 6 model 60 stepping 3, cmov, cx8, fxsr, mmx, sse, sse2, sse3, ssse3, sse4.1, sse4.2, popcnt, avx, avx2, aes, clmul, erms, lzcnt, ht, tsc, tscinvbit, bmi1, bmi2

Memory: 4k page, physical 8300920k(964560k free), swap 8300920k(5788k free)

vm_info: Java HotSpot(TM) 64-Bit Server VM (25.51-b03) for windows-amd64 JRE (1.8.0_51-b16), built on Jun  8 2015 18:03:07 by "java_re" with MS VC++ 10.0 (VS2010)

time: Tue May 03 12:56:50 2016
elapsed time: 1 seconds (0d 0h 0m 1s)

