#
# There is insufficient memory for the Java Runtime Environment to continue.
# Native memory allocation (malloc) failed to allocate 74576 bytes for Chunk::new
# Possible reasons:
#   The system is out of physical RAM or swap space
#   In 32 bit mode, the process size limit was hit
# Possible solutions:
#   Reduce memory load on the system
#   Increase physical memory or swap space
#   Check if swap backing store is full
#   Use 64 bit Java on a 64 bit OS
#   Decrease Java heap size (-Xmx/-Xms)
#   Decrease number of Java threads
#   Decrease Java thread stack sizes (-Xss)
#   Set larger code cache with -XX:ReservedCodeCacheSize=
# This output file may be truncated or incomplete.
#
#  Out of Memory Error (allocation.cpp:390), pid=8784, tid=4576
#
# JRE version: Java(TM) SE Runtime Environment (8.0_51-b16) (build 1.8.0_51-b16)
# Java VM: Java HotSpot(TM) 64-Bit Server VM (25.51-b03 mixed mode windows-amd64 compressed oops)
# Failed to write core dump. Minidumps are not enabled by default on client versions of Windows
#

---------------  T H R E A D  ---------------

Current thread (0x0000000016a43800):  JavaThread "C2 CompilerThread1" daemon [_thread_in_native, id=4576, stack(0x0000000016df0000,0x0000000016ef0000)]

Stack: [0x0000000016df0000,0x0000000016ef0000]
Native frames: (J=compiled Java code, j=interpreted, Vv=VM code, C=native code)
V  [jvm.dll+0x32b4ca]


Current CompileTask:
C2:   1789 1106       4       com.android.dx.ssa.SsaRenamer$BlockRenamer::addMapping (143 bytes)


---------------  P R O C E S S  ---------------

Java Threads: ( => current thread )
  0x0000000016d26000 JavaThread "pool-1-thread-4" [_thread_in_vm, id=7232, stack(0x00000000175f0000,0x00000000176f0000)]
  0x0000000016d14800 JavaThread "pool-1-thread-3" [_thread_in_Java, id=8324, stack(0x00000000174f0000,0x00000000175f0000)]
  0x0000000016d22000 JavaThread "pool-1-thread-2" [_thread_blocked, id=6912, stack(0x00000000173f0000,0x00000000174f0000)]
  0x0000000016ce8800 JavaThread "pool-2-thread-1" [_thread_blocked, id=3624, stack(0x00000000172f0000,0x00000000173f0000)]
  0x0000000016ce8000 JavaThread "pool-1-thread-1" [_thread_in_Java, id=1724, stack(0x00000000171f0000,0x00000000172f0000)]
  0x0000000016a51000 JavaThread "Service Thread" daemon [_thread_blocked, id=4512, stack(0x0000000016ff0000,0x00000000170f0000)]
  0x00000000153fe800 JavaThread "C1 CompilerThread2" daemon [_thread_in_vm, id=4740, stack(0x0000000016ef0000,0x0000000016ff0000)]
=>0x0000000016a43800 JavaThread "C2 CompilerThread1" daemon [_thread_in_native, id=4576, stack(0x0000000016df0000,0x0000000016ef0000)]
  0x00000000153f8000 JavaThread "C2 CompilerThread0" daemon [_thread_in_native, id=3444, stack(0x00000000168f0000,0x00000000169f0000)]
  0x00000000153ac800 JavaThread "Attach Listener" daemon [_thread_blocked, id=7524, stack(0x00000000167f0000,0x00000000168f0000)]
  0x00000000153ab800 JavaThread "Signal Dispatcher" daemon [_thread_blocked, id=8376, stack(0x00000000166f0000,0x00000000167f0000)]
  0x0000000002cc6000 JavaThread "Finalizer" daemon [_thread_blocked, id=9052, stack(0x00000000165f0000,0x00000000166f0000)]
  0x0000000002cbd000 JavaThread "Reference Handler" daemon [_thread_blocked, id=7932, stack(0x00000000164f0000,0x00000000165f0000)]
  0x0000000002bd1000 JavaThread "main" [_thread_blocked, id=4268, stack(0x0000000002a00000,0x0000000002b00000)]

Other Threads:
  0x0000000015367800 VMThread [stack: 0x00000000163f0000,0x00000000164f0000] [id=3916]
  0x0000000016a62800 WatcherThread [stack: 0x00000000170f0000,0x00000000171f0000] [id=9080]

VM state:not at safepoint (normal execution)

VM Mutex/Monitor currently owned by a thread: None

Heap:
 PSYoungGen      total 38400K, used 22245K [0x00000000eab00000, 0x00000000ed580000, 0x0000000100000000)
  eden space 33280K, 66% used [0x00000000eab00000,0x00000000ec0b9638,0x00000000ecb80000)
  from space 5120K, 0% used [0x00000000ed080000,0x00000000ed080000,0x00000000ed580000)
  to   space 5120K, 0% used [0x00000000ecb80000,0x00000000ecb80000,0x00000000ed080000)
 ParOldGen       total 87552K, used 0K [0x00000000c0000000, 0x00000000c5580000, 0x00000000eab00000)
  object space 87552K, 0% used [0x00000000c0000000,0x00000000c0000000,0x00000000c5580000)
 Metaspace       used 5789K, capacity 6832K, committed 7040K, reserved 1056768K
  class space    used 583K, capacity 616K, committed 640K, reserved 1048576K

Card table byte_map: [0x0000000012090000,0x00000000122a0000] byte_map_base: 0x0000000011a90000

Marking Bits: (ParMarkBitMap*) 0x00000000698a4040
 Begin Bits: [0x0000000012800000, 0x0000000013800000)
 End Bits:   [0x0000000013800000, 0x0000000014800000)

Polling page: 0x00000000026d0000

CodeCache: size=245760Kb used=4416Kb max_used=4416Kb free=241343Kb
 bounds [0x0000000002cd0000, 0x0000000003130000, 0x0000000011cd0000]
 total_blobs=1378 nmethods=1107 adapters=184
 compilation: enabled

Compilation events (10 events):
Event: 1.784 Thread 0x00000000153fe800 nmethod 1100 0x0000000003119950 code [0x0000000003119b20, 0x000000000311a398]
Event: 1.784 Thread 0x00000000153fe800 1103       3       com.android.dx.rop.cst.TypedConstant::getFrameType (2 bytes)
Event: 1.784 Thread 0x00000000153fe800 nmethod 1103 0x00000000031127d0 code [0x0000000003112920, 0x0000000003112a70]
Event: 1.784 Thread 0x00000000153fe800 1104       3       com.android.dx.rop.type.Type::isIntlike (56 bytes)
Event: 1.784 Thread 0x00000000153fe800 nmethod 1104 0x000000000310fd50 code [0x000000000310fea0, 0x0000000003110030]
Event: 1.784 Thread 0x00000000153fe800 1108       3       com.android.dx.cf.code.ConcreteMethod::getCode (8 bytes)
Event: 1.784 Thread 0x00000000153fe800 nmethod 1108 0x000000000310f950 code [0x000000000310faa0, 0x000000000310fc90]
Event: 1.784 Thread 0x00000000153fe800 1110   !   3       com.android.dx.cf.direct.AttributeFactory::parse (248 bytes)
Event: 1.785 Thread 0x00000000153f8000 1107       4       com.android.dx.rop.cst.CstString::utf8BytesToString (391 bytes)
Event: 1.785 Thread 0x0000000016a43800 1106       4       com.android.dx.ssa.SsaRenamer$BlockRenamer::addMapping (143 bytes)

GC Heap History (0 events):
No events

Deoptimization events (2 events):
Event: 0.941 Thread 0x0000000016d26000 Uncommon trap: reason=bimorphic action=maybe_recompile pc=0x0000000002eff220 method=java.util.HashMap.getNode(ILjava/lang/Object;)Ljava/util/HashMap$Node; @ 126
Event: 1.281 Thread 0x0000000016d14800 Uncommon trap: reason=unstable_if action=reinterpret pc=0x0000000002f61f74 method=java.util.BitSet.ensureCapacity(I)V @ 6

Internal exceptions (2 events):
Event: 0.059 Thread 0x0000000002bd1000 Exception <a 'java/lang/NoSuchMethodError': Method sun.misc.Unsafe.defineClass(Ljava/lang/String;[BII)Ljava/lang/Class; name or signature does not match> (0x00000000eab12f38) thrown at [C:\re\workspace\8-2-build-windows-amd64-cygwin\jdk8u51\3951\hotspot\sr…:ë,ôU®?
Event: 0.059 Thread 0x0000000002bd1000 Exception <a 'java/lang/NoSuchMethodError': Method sun.misc.Unsafe.prefetchRead(Ljava/lang/Object;J)V name or signature does not match> (0x00000000eab131c8) thrown at [C:\re\workspace\8-2-build-windows-amd64-cygwin\jdk8u51\3951\hotspot\src\share\vm\prims\j

Events (10 events):
Event: 1.268 loading class java/util/ArrayList$1 done
Event: 1.281 Thread 0x0000000016d14800 Uncommon trap: trap_request=0xffffff65 fr.pc=0x0000000002f61f74
Event: 1.281 Thread 0x0000000016d14800 DEOPT PACKING pc=0x0000000002f61f74 sp=0x00000000175eeec0
Event: 1.281 Thread 0x0000000016d14800 DEOPT UNPACKING pc=0x0000000002d1582a sp=0x00000000175eeda8 mode 2
Event: 1.321 loading class com/android/dx/rop/code/RegOps
Event: 1.321 loading class com/android/dx/rop/code/RegOps done
Event: 1.774 loading class com/android/dx/cf/attrib/AttLocalVariableTypeTable
Event: 1.774 loading class com/android/dx/cf/attrib/AttLocalVariableTypeTable done
Event: 1.783 loading class com/android/dx/cf/attrib/AttConstantValue
Event: 1.783 loading class com/android/dx/cf/attrib/AttConstantValue done


Dynamic libraries:
0x00007ff612c90000 - 0x00007ff612cc7000 	D:\Program Files\Java\jdk1.8.0_51\bin\java.exe
0x00007ffb482b0000 - 0x00007ffb48459000 	C:\Windows\SYSTEM32\ntdll.dll
0x00007ffb46050000 - 0x00007ffb46189000 	C:\Windows\system32\KERNEL32.DLL
0x00007ffb45a30000 - 0x00007ffb45b3e000 	C:\Windows\system32\KERNELBASE.dll
0x00007ffb44260000 - 0x00007ffb442eb000 	C:\Windows\system32\apphelp.dll
0x00007ffb33400000 - 0x00007ffb3344c000 	C:\Windows\AppPatch\AppPatch64\AcGenral.DLL
0x00007ffb47f60000 - 0x00007ffb48007000 	C:\Windows\system32\msvcrt.dll
0x00007ffb45410000 - 0x00007ffb4543b000 	C:\Windows\SYSTEM32\SspiCli.dll
0x00007ffb48010000 - 0x00007ffb48061000 	C:\Windows\system32\SHLWAPI.dll
0x00007ffb45e20000 - 0x00007ffb45f91000 	C:\Windows\system32\USER32.dll
0x00007ffb48080000 - 0x00007ffb481f5000 	C:\Windows\system32\ole32.dll
0x00007ffb46970000 - 0x00007ffb47d7d000 	C:\Windows\system32\SHELL32.dll
0x00007ffb44c40000 - 0x00007ffb44c5f000 	C:\Windows\SYSTEM32\USERENV.dll
0x00007ffb48200000 - 0x00007ffb482a5000 	C:\Windows\system32\ADVAPI32.dll
0x00007ffb3cc00000 - 0x00007ffb3cc1b000 	C:\Windows\SYSTEM32\MPR.dll
0x00007ffb47d80000 - 0x00007ffb47eb6000 	C:\Windows\system32\RPCRT4.dll
0x00007ffb45d70000 - 0x00007ffb45dc7000 	C:\Windows\SYSTEM32\sechost.dll
0x00007ffb46470000 - 0x00007ffb46647000 	C:\Windows\SYSTEM32\combase.dll
0x00007ffb45b40000 - 0x00007ffb45c85000 	C:\Windows\system32\GDI32.dll
0x00007ffb45630000 - 0x00007ffb45644000 	C:\Windows\SYSTEM32\profapi.dll
0x00007ffb438d0000 - 0x00007ffb43971000 	C:\Windows\SYSTEM32\SHCORE.dll
0x00007ffb45dd0000 - 0x00007ffb45e04000 	C:\Windows\system32\IMM32.DLL
0x00007ffb46190000 - 0x00007ffb462c9000 	C:\Windows\system32\MSCTF.dll
0x00007ffb431f0000 - 0x00007ffb4344a000 	C:\Windows\WinSxS\amd64_microsoft.windows.common-controls_6595b64144ccf1df_6.0.9600.16384_none_62475f7becb72503\COMCTL32.dll
0x0000000068e10000 - 0x0000000068ee2000 	D:\Program Files\Java\jdk1.8.0_51\jre\bin\msvcr100.dll
0x00000000690a0000 - 0x0000000069923000 	D:\Program Files\Java\jdk1.8.0_51\jre\bin\server\jvm.dll
0x00007ffb3dd90000 - 0x00007ffb3dd99000 	C:\Windows\SYSTEM32\WSOCK32.dll
0x00007ffb3de60000 - 0x00007ffb3de7f000 	C:\Windows\SYSTEM32\WINMM.dll
0x00007ffb3e490000 - 0x00007ffb3e49a000 	C:\Windows\SYSTEM32\VERSION.dll
0x00007ffb46960000 - 0x00007ffb46967000 	C:\Windows\system32\PSAPI.DLL
0x00007ffb46650000 - 0x00007ffb466a8000 	C:\Windows\system32\WS2_32.dll
0x00007ffb3de30000 - 0x00007ffb3de5a000 	C:\Windows\SYSTEM32\WINMMBASE.dll
0x00007ffb45e10000 - 0x00007ffb45e19000 	C:\Windows\system32\NSI.dll
0x00007ffb45700000 - 0x00007ffb4574a000 	C:\Windows\SYSTEM32\cfgmgr32.dll
0x00007ffb44380000 - 0x00007ffb443a6000 	C:\Windows\SYSTEM32\DEVOBJ.dll
0x0000000069b30000 - 0x0000000069b3f000 	D:\Program Files\Java\jdk1.8.0_51\jre\bin\verify.dll
0x0000000069b00000 - 0x0000000069b29000 	D:\Program Files\Java\jdk1.8.0_51\jre\bin\java.dll
0x0000000069ae0000 - 0x0000000069af6000 	D:\Program Files\Java\jdk1.8.0_51\jre\bin\zip.dll

VM Arguments:
jvm_args: -Xmx1024M -Dfile.encoding=GBK -Duser.country=CN -Duser.language=zh -Duser.variant 
java_command: com.android.dx.command.Main --dex --num-threads=4 --output D:\yizhi\StudioWorkspace\notebook\CarToolsC\app\build\intermediates\pre-dexed\debug\classes-fd94a31a4caafca3f6712bb37a59e3295d869441.jar D:\yizhi\StudioWorkspace\notebook\CarToolsC\app\build\intermediates\exploded-aar\com.google.android.gms\play-services-basement\8.1.0\jars\classes.jar
java_class_path (initial): D:\Users\yizhi\AppData\Local\Android\sdk\build-tools\23.0.0\lib\dx.jar
Launcher Type: SUN_STANDARD

Environment Variables:
JAVA_HOME=D:\Program Files\Java\jdk1.8.0_51
CLASSPATH=.;D:\Program Files\Java\jdk1.8.0_51\lib;D:\Program Files\Java\jdk1.8.0_51\lib\tools.jar
PATH=C:\ProgramData\Oracle\Java\javapath;C:\Windows\system32;C:\Windows;C:\Windows\System32\Wbem;C:\Windows\System32\WindowsPowerShell\v1.0\;D:\Program Files\Java\jdk1.8.0_51\bin;D:\Program Files\Java\jdk1.8.0_51\jre\bin;D:\Program Files\TortoiseSVN\bin;D:\Program Files\Android\Android Studio\gradle\gradle-2.2.1\bin;D:\adt-bundle-windows-x86_64-20140624\sdk\platform-tools;C:\apktool;D:\Program Files\Git\cmd
USERNAME=Administrator
OS=Windows_NT
PROCESSOR_IDENTIFIER=Intel64 Family 6 Model 60 Stepping 3, GenuineIntel



---------------  S Y S T E M  ---------------

OS: Windows 8.1 , 64 bit Build 9600 (6.3.9600.16656)

CPU:total 4 (2 cores per cpu, 2 threads per core) family 6 model 60 stepping 3, cmov, cx8, fxsr, mmx, sse, sse2, sse3, ssse3, sse4.1, sse4.2, popcnt, avx, avx2, aes, clmul, erms, lzcnt, ht, tsc, tscinvbit, bmi1, bmi2

Memory: 4k page, physical 8300920k(1699736k free), swap 8300920k(5184k free)

vm_info: Java HotSpot(TM) 64-Bit Server VM (25.51-b03) for windows-amd64 JRE (1.8.0_51-b16), built on Jun  8 2015 18:03:07 by "java_re" with MS VC++ 10.0 (VS2010)

time: Tue May 03 13:35:56 2016
elapsed time: 1 seconds (0d 0h 0m 1s)

