#
# There is insufficient memory for the Java Runtime Environment to continue.
# Native memory allocation (malloc) failed to allocate 1025456 bytes for Chunk::new
# Possible reasons:
#   The system is out of physical RAM or swap space
#   In 32 bit mode, the process size limit was hit
# Possible solutions:
#   Reduce memory load on the system
#   Increase physical memory or swap space
#   Check if swap backing store is full
#   Use 64 bit Java on a 64 bit OS
#   Decrease Java heap size (-Xmx/-Xms)
#   Decrease number of Java threads
#   Decrease Java thread stack sizes (-Xss)
#   Set larger code cache with -XX:ReservedCodeCacheSize=
# This output file may be truncated or incomplete.
#
#  Out of Memory Error (allocation.cpp:390), pid=8412, tid=7420
#
# JRE version: Java(TM) SE Runtime Environment (8.0_51-b16) (build 1.8.0_51-b16)
# Java VM: Java HotSpot(TM) 64-Bit Server VM (25.51-b03 mixed mode windows-amd64 compressed oops)
# Failed to write core dump. Minidumps are not enabled by default on client versions of Windows
#

---------------  T H R E A D  ---------------

Current thread (0x0000000016953800):  JavaThread "C2 CompilerThread1" daemon [_thread_in_native, id=7420, stack(0x0000000016d00000,0x0000000016e00000)]

Stack: [0x0000000016d00000,0x0000000016e00000]
Native frames: (J=compiled Java code, j=interpreted, Vv=VM code, C=native code)
V  [jvm.dll+0x32b4ca]
V  [jvm.dll+0x2797e3]
V  [jvm.dll+0x27a479]
V  [jvm.dll+0x271765]
V  [jvm.dll+0xcba02]
V  [jvm.dll+0xcbecc]
V  [jvm.dll+0x476f72]
V  [jvm.dll+0x4b95ff]
V  [jvm.dll+0x46c011]
V  [jvm.dll+0x46cd4e]
V  [jvm.dll+0x4501a2]
V  [jvm.dll+0xa43a2]
V  [jvm.dll+0xa4cdf]
V  [jvm.dll+0x2418a4]
V  [jvm.dll+0x29846a]
C  [msvcr100.dll+0x21d9f]
C  [msvcr100.dll+0x21e3b]
C  [KERNEL32.DLL+0x15dd]
C  [ntdll.dll+0x764ad]


Current CompileTask:
C2:   1754 1227       4       com.android.dx.ssa.SCCP::simulateStmt (481 bytes)


---------------  P R O C E S S  ---------------

Java Threads: ( => current thread )
  0x0000000016ba1000 JavaThread "pool-1-thread-4" [_thread_in_vm, id=2268, stack(0x0000000017500000,0x0000000017600000)]
  0x0000000016ba0000 JavaThread "pool-1-thread-3" [_thread_in_native_trans, id=8792, stack(0x0000000017400000,0x0000000017500000)]
  0x0000000016b9f000 JavaThread "pool-1-thread-2" [_thread_in_vm, id=4492, stack(0x0000000017300000,0x0000000017400000)]
  0x0000000016b96000 JavaThread "pool-2-thread-1" [_thread_blocked, id=4120, stack(0x0000000017200000,0x0000000017300000)]
  0x0000000016b95000 JavaThread "pool-1-thread-1" [_thread_in_vm, id=3752, stack(0x0000000017100000,0x0000000017200000)]
  0x0000000016961000 JavaThread "Service Thread" daemon [_thread_blocked, id=8128, stack(0x0000000016f00000,0x0000000017000000)]
  0x000000001530e800 JavaThread "C1 CompilerThread2" daemon [_thread_blocked, id=8352, stack(0x0000000016e00000,0x0000000016f00000)]
=>0x0000000016953800 JavaThread "C2 CompilerThread1" daemon [_thread_in_native, id=7420, stack(0x0000000016d00000,0x0000000016e00000)]
  0x00000000152bc000 JavaThread "C2 CompilerThread0" daemon [_thread_in_native, id=5076, stack(0x0000000016800000,0x0000000016900000)]
  0x00000000152ba000 JavaThread "Attach Listener" daemon [_thread_blocked, id=6788, stack(0x0000000016700000,0x0000000016800000)]
  0x00000000152a6800 JavaThread "Signal Dispatcher" daemon [_thread_blocked, id=6968, stack(0x0000000016600000,0x0000000016700000)]
  0x0000000002bd6000 JavaThread "Finalizer" daemon [_thread_blocked, id=4624, stack(0x0000000016500000,0x0000000016600000)]
  0x0000000002bcd000 JavaThread "Reference Handler" daemon [_thread_blocked, id=4540, stack(0x0000000016400000,0x0000000016500000)]
  0x0000000002ae0800 JavaThread "main" [_thread_in_Java, id=8332, stack(0x00000000029c0000,0x0000000002ac0000)]

Other Threads:
  0x0000000015277800 VMThread [stack: 0x0000000016300000,0x0000000016400000] [id=7592]
  0x0000000016963800 WatcherThread [stack: 0x0000000017000000,0x0000000017100000] [id=4516]

VM state:synchronizing (normal execution)

VM Mutex/Monitor currently owned by a thread:  ([mutex/lock_event])
[0x0000000002adbcc0] Safepoint_lock - owner thread: 0x0000000015277800
[0x0000000002adc2c0] Threads_lock - owner thread: 0x0000000015277800
[0x0000000002adc640] Heap_lock - owner thread: 0x0000000016b95000

Heap:
 PSYoungGen      total 38400K, used 33280K [0x00000000eab00000, 0x00000000ed580000, 0x0000000100000000)
  eden space 33280K, 100% used [0x00000000eab00000,0x00000000ecb80000,0x00000000ecb80000)
  from space 5120K, 0% used [0x00000000ed080000,0x00000000ed080000,0x00000000ed580000)
  to   space 5120K, 0% used [0x00000000ecb80000,0x00000000ecb80000,0x00000000ed080000)
 ParOldGen       total 87552K, used 0K [0x00000000c0000000, 0x00000000c5580000, 0x00000000eab00000)
  object space 87552K, 0% used [0x00000000c0000000,0x00000000c0000000,0x00000000c5580000)
 Metaspace       used 5967K, capacity 6896K, committed 7040K, reserved 1056768K
  class space    used 585K, capacity 616K, committed 640K, reserved 1048576K

Card table byte_map: [0x0000000011fa0000,0x00000000121b0000] byte_map_base: 0x00000000119a0000

Marking Bits: (ParMarkBitMap*) 0x00000000698a4040
 Begin Bits: [0x0000000012710000, 0x0000000013710000)
 End Bits:   [0x0000000013710000, 0x0000000014710000)

Polling page: 0x0000000000e50000

CodeCache: size=245760Kb used=5232Kb max_used=5232Kb free=240527Kb
 bounds [0x0000000002be0000, 0x0000000003110000, 0x0000000011be0000]
 total_blobs=1553 nmethods=1283 adapters=183
 compilation: enabled

Compilation events (10 events):
Event: 1.730 Thread 0x000000001530e800 nmethod 1259 0x00000000030e8c50 code [0x00000000030e8f60, 0x00000000030ea838]
Event: 1.731 Thread 0x000000001530e800 1260       3       java.util.TreeMap::getFirstEntry (26 bytes)
Event: 1.731 Thread 0x000000001530e800 nmethod 1260 0x00000000030e87d0 code [0x00000000030e8940, 0x00000000030e8b70]
Event: 1.731 Thread 0x000000001530e800 1261       3       java.util.TreeMap$PrivateEntryIterator::<init> (28 bytes)
Event: 1.731 Thread 0x000000001530e800 nmethod 1261 0x00000000030e7810 code [0x00000000030e7980, 0x00000000030e7b90]
Event: 1.732 Thread 0x000000001530e800 1262       3       java.util.HashMap::<init> (8 bytes)
Event: 1.733 Thread 0x000000001530e800 nmethod 1262 0x00000000030e7450 code [0x00000000030e75e0, 0x00000000030e7768]
Event: 1.733 Thread 0x000000001530e800 1263       3       java.util.HashMap::<init> (98 bytes)
Event: 1.734 Thread 0x000000001530e800 nmethod 1263 0x00000000030f3c90 code [0x00000000030f3f20, 0x00000000030f5108]
Event: 1.734 Thread 0x000000001530e800 1264       3       com.android.dx.rop.cst.CstFieldRef::<init> (7 bytes)

GC Heap History (0 events):
No events

Deoptimization events (2 events):
Event: 0.803 Thread 0x0000000002ae0800 Uncommon trap: reason=unstable_if action=reinterpret pc=0x0000000002dfee48 method=java.util.HashMap.getNode(ILjava/lang/Object;)Ljava/util/HashMap$Node; @ 129
Event: 1.448 Thread 0x0000000016ba0000 Uncommon trap: reason=unstable_if action=reinterpret pc=0x0000000002fde068 method=com.android.dx.util.IntList.binarysearch(I)I @ 105

Internal exceptions (2 events):
Event: 0.132 Thread 0x0000000002ae0800 Exception <a 'java/lang/NoSuchMethodError': Method sun.misc.Unsafe.defineClass(Ljava/lang/String;[BII)Ljava/lang/Class; name or signature does not match> (0x00000000eab12f38) thrown at [C:\re\workspace\8-2-build-windows-amd64-cygwin\jdk8u51\3951\hotspot\srì¬rfáÀ?
Event: 0.132 Thread 0x0000000002ae0800 Exception <a 'java/lang/NoSuchMethodError': Method sun.misc.Unsafe.prefetchRead(Ljava/lang/Object;J)V name or signature does not match> (0x00000000eab131c8) thrown at [C:\re\workspace\8-2-build-windows-amd64-cygwin\jdk8u51\3951\hotspot\src\share\vm\prims\j

Events (10 events):
Event: 1.364 loading class com/android/dx/rop/code/RegOps done
Event: 1.399 loading class com/android/dx/cf/attrib/AttConstantValue
Event: 1.399 loading class com/android/dx/cf/attrib/AttConstantValue done
Event: 1.404 loading class java/util/TreeMap$EntrySet
Event: 1.405 loading class java/util/TreeMap$EntrySet done
Event: 1.405 loading class java/util/TreeMap$EntryIterator
Event: 1.405 loading class java/util/TreeMap$EntryIterator done
Event: 1.448 Thread 0x0000000016ba0000 Uncommon trap: trap_request=0xffffff65 fr.pc=0x0000000002fde068
Event: 1.448 Thread 0x0000000016ba0000 DEOPT PACKING pc=0x0000000002fde068 sp=0x00000000174feca0
Event: 1.448 Thread 0x0000000016ba0000 DEOPT UNPACKING pc=0x0000000002c2582a sp=0x00000000174fec18 mode 2


Dynamic libraries:
0x00007ff612c90000 - 0x00007ff612cc7000 	D:\Program Files\Java\jdk1.8.0_51\bin\java.exe
0x00007ffb482b0000 - 0x00007ffb48459000 	C:\Windows\SYSTEM32\ntdll.dll
0x00007ffb46050000 - 0x00007ffb46189000 	C:\Windows\system32\KERNEL32.DLL
0x00007ffb45a30000 - 0x00007ffb45b3e000 	C:\Windows\system32\KERNELBASE.dll
0x00007ffb44260000 - 0x00007ffb442eb000 	C:\Windows\system32\apphelp.dll
0x00007ffb33400000 - 0x00007ffb3344c000 	C:\Windows\AppPatch\AppPatch64\AcGenral.DLL
0x00007ffb47f60000 - 0x00007ffb48007000 	C:\Windows\system32\msvcrt.dll
0x00007ffb45410000 - 0x00007ffb4543b000 	C:\Windows\SYSTEM32\SspiCli.dll
0x00007ffb48010000 - 0x00007ffb48061000 	C:\Windows\system32\SHLWAPI.dll
0x00007ffb45e20000 - 0x00007ffb45f91000 	C:\Windows\system32\USER32.dll
0x00007ffb48080000 - 0x00007ffb481f5000 	C:\Windows\system32\ole32.dll
0x00007ffb46970000 - 0x00007ffb47d7d000 	C:\Windows\system32\SHELL32.dll
0x00007ffb44c40000 - 0x00007ffb44c5f000 	C:\Windows\SYSTEM32\USERENV.dll
0x00007ffb48200000 - 0x00007ffb482a5000 	C:\Windows\system32\ADVAPI32.dll
0x00007ffb3cc00000 - 0x00007ffb3cc1b000 	C:\Windows\SYSTEM32\MPR.dll
0x00007ffb47d80000 - 0x00007ffb47eb6000 	C:\Windows\system32\RPCRT4.dll
0x00007ffb45d70000 - 0x00007ffb45dc7000 	C:\Windows\SYSTEM32\sechost.dll
0x00007ffb46470000 - 0x00007ffb46647000 	C:\Windows\SYSTEM32\combase.dll
0x00007ffb45b40000 - 0x00007ffb45c85000 	C:\Windows\system32\GDI32.dll
0x00007ffb45630000 - 0x00007ffb45644000 	C:\Windows\SYSTEM32\profapi.dll
0x00007ffb438d0000 - 0x00007ffb43971000 	C:\Windows\SYSTEM32\SHCORE.dll
0x00007ffb45dd0000 - 0x00007ffb45e04000 	C:\Windows\system32\IMM32.DLL
0x00007ffb46190000 - 0x00007ffb462c9000 	C:\Windows\system32\MSCTF.dll
0x00007ffb431f0000 - 0x00007ffb4344a000 	C:\Windows\WinSxS\amd64_microsoft.windows.common-controls_6595b64144ccf1df_6.0.9600.16384_none_62475f7becb72503\COMCTL32.dll
0x0000000068e10000 - 0x0000000068ee2000 	D:\Program Files\Java\jdk1.8.0_51\jre\bin\msvcr100.dll
0x00000000690a0000 - 0x0000000069923000 	D:\Program Files\Java\jdk1.8.0_51\jre\bin\server\jvm.dll
0x00007ffb3dd90000 - 0x00007ffb3dd99000 	C:\Windows\SYSTEM32\WSOCK32.dll
0x00007ffb3de60000 - 0x00007ffb3de7f000 	C:\Windows\SYSTEM32\WINMM.dll
0x00007ffb3e490000 - 0x00007ffb3e49a000 	C:\Windows\SYSTEM32\VERSION.dll
0x00007ffb46960000 - 0x00007ffb46967000 	C:\Windows\system32\PSAPI.DLL
0x00007ffb46650000 - 0x00007ffb466a8000 	C:\Windows\system32\WS2_32.dll
0x00007ffb3de30000 - 0x00007ffb3de5a000 	C:\Windows\SYSTEM32\WINMMBASE.dll
0x00007ffb45e10000 - 0x00007ffb45e19000 	C:\Windows\system32\NSI.dll
0x00007ffb45700000 - 0x00007ffb4574a000 	C:\Windows\SYSTEM32\cfgmgr32.dll
0x00007ffb44380000 - 0x00007ffb443a6000 	C:\Windows\SYSTEM32\DEVOBJ.dll
0x0000000069b30000 - 0x0000000069b3f000 	D:\Program Files\Java\jdk1.8.0_51\jre\bin\verify.dll
0x0000000069b00000 - 0x0000000069b29000 	D:\Program Files\Java\jdk1.8.0_51\jre\bin\java.dll
0x0000000069ae0000 - 0x0000000069af6000 	D:\Program Files\Java\jdk1.8.0_51\jre\bin\zip.dll
0x00007ffb315e0000 - 0x00007ffb31768000 	C:\Windows\SYSTEM32\dbghelp.dll

VM Arguments:
jvm_args: -Xmx1024M -Dfile.encoding=GBK -Duser.country=CN -Duser.language=zh -Duser.variant 
java_command: com.android.dx.command.Main --dex --num-threads=4 --output D:\yizhi\StudioWorkspace\notebook\CarToolsC\app\build\intermediates\pre-dexed\debug\BaiduLBS_Android-4fc51286aeb6acb386cc7d0cd469216efa777dbb.jar D:\yizhi\StudioWorkspace\notebook\CarToolsC\app\libs\BaiduLBS_Android.jar
java_class_path (initial): D:\Users\yizhi\AppData\Local\Android\sdk\build-tools\23.0.0\lib\dx.jar
Launcher Type: SUN_STANDARD

Environment Variables:
JAVA_HOME=D:\Program Files\Java\jdk1.8.0_51
CLASSPATH=.;D:\Program Files\Java\jdk1.8.0_51\lib;D:\Program Files\Java\jdk1.8.0_51\lib\tools.jar
PATH=C:\ProgramData\Oracle\Java\javapath;C:\Windows\system32;C:\Windows;C:\Windows\System32\Wbem;C:\Windows\System32\WindowsPowerShell\v1.0\;D:\Program Files\Java\jdk1.8.0_51\bin;D:\Program Files\Java\jdk1.8.0_51\jre\bin;D:\Program Files\TortoiseSVN\bin;D:\Program Files\Android\Android Studio\gradle\gradle-2.2.1\bin;D:\adt-bundle-windows-x86_64-20140624\sdk\platform-tools;C:\apktool;D:\Program Files\Git\cmd
USERNAME=Administrator
OS=Windows_NT
PROCESSOR_IDENTIFIER=Intel64 Family 6 Model 60 Stepping 3, GenuineIntel



---------------  S Y S T E M  ---------------

OS: Windows 8.1 , 64 bit Build 9600 (6.3.9600.16656)

CPU:total 4 (2 cores per cpu, 2 threads per core) family 6 model 60 stepping 3, cmov, cx8, fxsr, mmx, sse, sse2, sse3, ssse3, sse4.1, sse4.2, popcnt, avx, avx2, aes, clmul, erms, lzcnt, ht, tsc, tscinvbit, bmi1, bmi2

Memory: 4k page, physical 8300920k(1702936k free), swap 8300920k(5224k free)

vm_info: Java HotSpot(TM) 64-Bit Server VM (25.51-b03) for windows-amd64 JRE (1.8.0_51-b16), built on Jun  8 2015 18:03:07 by "java_re" with MS VC++ 10.0 (VS2010)

time: Tue May 03 13:35:56 2016
elapsed time: 1 seconds (0d 0h 0m 1s)

