JvmtiExport can_access_local_variables 0
JvmtiExport can_hotswap_or_post_breakpoint 0
JvmtiExport can_post_on_exceptions 0
# 105 ciObject found
ciMethod java/lang/Object <init> ()V 4097 1 15519 0 0
ciMethod java/lang/String <init> ([CZ)V 2353 1 1834 0 0
ciMethod java/lang/String replace (CC)Ljava/lang/String; 1009 33281 810 0 -1
ciMethodData java/lang/Object <init> ()V 2 15519 orig 264 136 112 103 105 0 0 0 0 136 4 36 20 0 0 0 0 32 1 0 0 0 0 0 0 0 0 0 0 0 0 0 0 0 0 0 0 0 0 0 0 0 0 0 0 0 0 0 0 0 0 0 0 0 0 0 0 0 0 0 0 0 0 0 0 0 0 0 0 0 0 0 0 0 0 0 0 0 0 0 0 77 68 79 32 101 120 116 114 97 32 100 97 116 97 32 108 111 99 107 0 0 0 0 0 0 0 0 0 0 0 0 0 0 0 0 0 0 0 0 0 0 0 0 0 0 0 0 0 0 0 0 0 0 0 0 0 0 0 0 0 0 0 0 0 0 0 0 0 0 0 0 0 0 0 0 0 0 0 0 0 0 0 0 0 0 0 0 0 0 0 0 0 0 0 0 0 0 0 0 0 0 0 0 0 0 0 0 0 0 0 0 0 0 0 0 0 0 0 0 0 0 0 0 0 0 0 0 0 0 0 0 0 0 0 0 0 0 2 0 0 249 212 1 0 1 0 0 0 0 0 0 0 0 0 0 0 2 0 0 0 0 0 3 0 1 0 0 0 0 0 0 0 255 255 255 255 0 0 0 0 0 0 0 0 data 0 oops 0
ciMethodData java/lang/String replace (CC)Ljava/lang/String; 2 28785 orig 264 136 112 103 105 0 0 0 0 184 94 36 20 0 0 0 0 136 2 0 0 184 0 0 0 0 0 0 0 0 0 0 0 0 0 0 0 0 0 0 0 0 0 0 0 0 0 0 0 0 0 0 0 0 0 0 0 0 0 0 0 0 0 0 0 0 0 0 0 0 0 0 0 0 0 0 0 0 0 0 0 77 68 79 32 101 120 116 114 97 32 100 97 116 97 32 108 111 99 107 0 0 0 0 0 0 0 0 0 0 0 0 0 0 0 0 0 0 0 0 0 0 0 0 0 0 0 0 0 0 0 0 0 0 0 0 0 0 0 0 0 0 0 0 0 0 0 0 0 0 0 0 0 0 0 0 0 0 0 0 0 0 0 0 0 0 0 0 0 0 0 0 0 0 0 0 0 0 0 0 0 0 0 0 0 0 0 0 0 0 0 0 0 0 0 0 0 0 0 0 0 0 0 0 0 0 0 0 0 0 0 0 0 0 0 0 0 64 16 0 0 97 21 0 0 137 1 3 0 0 0 0 0 0 0 0 0 2 0 0 0 3 0 23 0 2 0 0 0 80 1 0 0 255 255 255 255 7 0 2 0 0 0 0 0 data 42 0x20007 0x0 0x150 0x2ac 0x1a0007 0x16 0x58 0xdc0 0x230007 0xb2a 0xffffffffffffffe0 0x296 0x260003 0x296 0x18 0x2c0007 0x16 0xd8 0x296 0x3b0007 0x296 0x38 0x7c2 0x4b0003 0x7c2 0xffffffffffffffe0 0x510007 0x296 0x70 0x4ab2 0x620007 0x3f21 0x38 0xb91 0x660003 0xb91 0x18 0x6f0003 0x4ab2 0xffffffffffffffa8 0x790002 0x296 oops 0
ciMethodData java/lang/String <init> ([CZ)V 2 1835 orig 264 136 112 103 105 0 0 0 0 80 59 36 20 0 0 0 0 64 1 0 0 0 0 0 0 0 0 0 0 0 0 0 0 0 0 0 0 0 0 0 0 0 0 0 0 0 0 0 0 0 0 0 0 0 0 0 0 0 0 0 0 0 0 0 0 0 0 0 0 0 0 0 0 0 0 0 0 0 0 0 0 77 68 79 32 101 120 116 114 97 32 100 97 116 97 32 108 111 99 107 0 0 0 0 0 0 0 0 0 0 0 0 0 0 0 0 0 0 0 0 0 0 0 0 0 0 0 0 0 0 0 0 0 0 0 0 0 0 0 0 0 0 0 0 0 0 0 0 0 0 0 0 0 0 0 0 0 0 0 0 0 0 0 0 0 0 0 0 0 0 0 0 0 0 0 0 0 0 0 0 0 0 0 0 0 0 0 0 0 0 0 0 0 0 0 0 0 0 0 0 0 0 0 0 0 0 0 0 0 0 0 0 0 0 0 0 0 38 1 0 0 41 48 0 0 1 0 0 0 0 0 0 0 0 0 0 0 2 0 0 0 0 0 3 0 2 0 0 0 16 0 0 0 255 255 255 255 2 0 1 0 0 0 0 0 data 2 0x10002 0x605 oops 0
instanceKlass com/android/dx/ssa/SsaMethod$1
instanceKlass com/android/dx/ssa/SsaMethod$2
instanceKlass com/android/dx/ssa/SCCP
instanceKlass com/android/dx/ssa/MoveParamCombiner$1
instanceKlass com/android/dx/ssa/MoveParamCombiner
instanceKlass com/android/dx/ssa/SsaRenamer$BlockRenamer$1
instanceKlass com/android/dx/ssa/PhiInsn$Visitor
instanceKlass com/android/dx/ssa/RegisterMapper
instanceKlass com/android/dx/ssa/SsaRenamer$BlockRenamer
instanceKlass com/android/dx/ssa/SsaRenamer$1
instanceKlass com/android/dx/ssa/SsaRenamer
instanceKlass com/android/dx/util/BitIntSet$1
instanceKlass com/android/dx/util/IntIterator
instanceKlass com/android/dx/util/BitIntSet
instanceKlass com/android/dx/util/IntSet
instanceKlass com/android/dx/ssa/SetFactory
instanceKlass com/android/dx/ssa/Dominators$DfsWalker
instanceKlass com/android/dx/ssa/Dominators$DFSInfo
instanceKlass com/android/dx/ssa/SsaBasicBlock$Visitor
instanceKlass com/android/dx/ssa/Dominators
instanceKlass com/android/dx/ssa/DomFront$DomInfo
instanceKlass com/android/dx/ssa/DomFront
instanceKlass com/android/dx/ssa/LocalVariableExtractor
instanceKlass com/android/dx/ssa/SsaBasicBlock$LabelComparator
instanceKlass com/android/dx/ssa/SsaBasicBlock
instanceKlass com/android/dx/rop/code/BasicBlockList$RegCountVisitor
instanceKlass com/android/dx/ssa/SsaInsn
instanceKlass com/android/dx/ssa/SsaInsn$Visitor
instanceKlass com/android/dx/ssa/SsaMethod
instanceKlass com/android/dx/ssa/SsaConverter
instanceKlass java/lang/Class$4
instanceKlass com/android/dx/ssa/Optimizer
instanceKlass com/android/dx/rop/code/RopMethod
instanceKlass com/android/dx/rop/code/Insn$Visitor
instanceKlass com/android/dx/cf/code/Merger
instanceKlass com/android/dx/rop/code/BasicBlock
instanceKlass com/android/dx/rop/code/Exceptions
instanceKlass com/android/dx/rop/code/Rop
instanceKlass com/android/dx/rop/code/Rops
instanceKlass com/android/dx/rop/code/RegisterSpec$ForComparison
instanceKlass com/android/dx/rop/code/RegisterSpec
instanceKlass com/android/dx/rop/code/LocalItem
instanceKlass com/android/dx/rop/code/SourcePosition
instanceKlass com/android/dx/cf/code/Ropper$LabelAllocator
instanceKlass com/android/dx/cf/code/Ropper$CatchInfo
instanceKlass com/android/dx/cf/code/Ropper$Subroutine
instanceKlass com/android/dx/cf/code/Frame
instanceKlass com/android/dx/cf/code/Simulator$SimVisitor
instanceKlass com/android/dx/cf/code/Simulator
instanceKlass com/android/dx/cf/code/BaseMachine
instanceKlass com/android/dx/dex/file/MethodAnnotationStruct
instanceKlass com/android/dx/cf/code/ByteBlock
instanceKlass com/android/dx/util/LabeledItem
instanceKlass com/android/dx/dex/file/FieldAnnotationStruct
instanceKlass com/android/dx/dex/file/ValueEncoder
instanceKlass com/android/dx/cf/code/ByteOps
instanceKlass com/android/dx/dex/file/AnnotationItem$TypeIdSorter
instanceKlass com/android/dx/util/Bits
instanceKlass com/android/dx/cf/code/BasicBlocker
instanceKlass com/android/dx/rop/code/BasicBlock$Visitor
instanceKlass com/android/dx/rop/code/Insn
instanceKlass com/android/dx/cf/code/Machine
instanceKlass com/android/dx/cf/code/Ropper
instanceKlass com/android/dx/rop/code/DexTranslationAdvice
instanceKlass com/android/dx/cf/code/ConcreteMethod
instanceKlass com/android/dx/dex/file/EncodedMember
instanceKlass java/util/Collections$UnmodifiableCollection$1
instanceKlass java/util/TreeMap$PrivateEntryIterator
instanceKlass com/android/dx/rop/annotation/NameValuePair
instanceKlass com/android/dx/dex/file/AnnotationUtils
instanceKlass com/android/dx/dex/cf/AttributeTranslator
instanceKlass com/android/dx/cf/direct/AnnotationParser
instanceKlass com/android/dx/dex/cf/OptimizerOptions
instanceKlass com/android/dx/dex/code/DalvCode$AssignIndicesCallback
instanceKlass com/android/dx/rop/code/TranslationAdvice
instanceKlass sun/nio/ch/Interruptible
instanceKlass java/util/concurrent/locks/LockSupport
instanceKlass com/android/dx/cf/code/LocalVariableList$Item
instanceKlass com/android/dx/dex/cf/CfTranslator
instanceKlass com/android/dx/cf/direct/DirectClassFile$DcfTypeList
instanceKlass com/android/dx/cf/code/ByteCatchList$Item
instanceKlass com/android/dx/util/Hex
instanceKlass com/android/dx/rop/code/AccessFlags
instanceKlass com/android/dx/cf/code/BytecodeArray$BaseVisitor
instanceKlass com/android/dx/cf/code/BytecodeArray
instanceKlass com/android/dx/cf/iface/StdMember
instanceKlass com/android/dx/rop/type/Prototype
instanceKlass com/android/dx/command/dexer/Main$ClassDefItemConsumer
instanceKlass java/util/concurrent/FutureTask$WaitNode
instanceKlass java/util/concurrent/FutureTask
instanceKlass java/util/concurrent/RunnableFuture
instanceKlass java/util/concurrent/Future
instanceKlass com/android/dx/command/dexer/Main$ClassTranslatorTask
instanceKlass com/android/dx/cf/attrib/InnerClassList$Item
instanceKlass com/android/dx/cf/attrib/BaseAttribute
instanceKlass com/android/dx/cf/direct/AttributeListParser
instanceKlass com/android/dx/cf/iface/Method
instanceKlass com/android/dx/cf/iface/Field
instanceKlass com/android/dx/cf/iface/Member
instanceKlass com/android/dx/cf/direct/MemberListParser
instanceKlass com/android/dx/rop/type/Type
instanceKlass com/android/dx/util/MutabilityControl
instanceKlass com/android/dx/cf/cst/ConstantPoolParser
instanceKlass com/android/dx/cf/code/BytecodeArray$Visitor
instanceKlass com/android/dx/cf/iface/Attribute
instanceKlass com/android/dx/util/ByteArray
instanceKlass com/android/dx/cf/iface/MethodList
instanceKlass com/android/dx/cf/iface/FieldList
instanceKlass com/android/dx/rop/type/TypeList
instanceKlass com/android/dx/cf/iface/AttributeList
instanceKlass com/android/dx/rop/cst/ConstantPool
instanceKlass com/android/dx/cf/direct/DirectClassFile
instanceKlass com/android/dx/cf/iface/ClassFile
instanceKlass com/android/dx/cf/iface/HasAttribute
instanceKlass com/android/dx/command/dexer/Main$ClassParserTask
instanceKlass com/android/dx/command/dexer/Main$DirectClassFileConsumer
instanceKlass java/util/ArrayList$Itr
instanceKlass java/util/zip/ZipFile$ZipEntryIterator
instanceKlass com/android/dx/command/dexer/Main$FileBytesConsumer
instanceKlass com/android/dx/cf/direct/ClassPathOpener$1
instanceKlass com/android/dx/cf/direct/ClassPathOpener
instanceKlass java/util/concurrent/LinkedBlockingQueue$Node
instanceKlass java/util/concurrent/Executors$DefaultThreadFactory
instanceKlass java/util/concurrent/ThreadFactory
instanceKlass java/util/concurrent/Executors
instanceKlass java/util/concurrent/ThreadPoolExecutor$CallerRunsPolicy
instanceKlass java/util/concurrent/locks/AbstractQueuedSynchronizer$ConditionObject
instanceKlass java/util/concurrent/locks/Condition
instanceKlass java/util/concurrent/locks/AbstractQueuedSynchronizer$Node
instanceKlass java/util/concurrent/locks/AbstractOwnableSynchronizer
instanceKlass java/util/concurrent/ThreadPoolExecutor$AbortPolicy
instanceKlass java/util/concurrent/AbstractExecutorService
instanceKlass com/android/dx/dex/file/MixedItemSection$1
instanceKlass com/android/dx/dex/file/Item
instanceKlass com/android/dx/util/AnnotatedOutput
instanceKlass com/android/dx/util/Output
instanceKlass com/android/dex/util/ByteOutput
instanceKlass com/android/dx/rop/type/TypeBearer
instanceKlass com/android/dx/rop/cst/Constant
instanceKlass com/android/dx/util/ToHuman
instanceKlass com/android/dx/dex/file/Section
instanceKlass com/android/dx/dex/file/DexFile
instanceKlass com/android/dx/dex/DexOptions
instanceKlass com/android/dx/command/DxConsole
instanceKlass com/android/dx/dex/cf/CfOptions
instanceKlass com/android/dex/util/FileUtils
instanceKlass com/android/dx/command/dexer/Main$Arguments$ArgumentsParser
instanceKlass com/android/dx/command/dexer/Main$Arguments
instanceKlass com/android/dx/cf/direct/ClassPathOpener$FileNameFilter
instanceKlass java/util/concurrent/ExecutorService
instanceKlass java/util/concurrent/Executor
instanceKlass java/util/concurrent/BlockingQueue
instanceKlass java/util/concurrent/RejectedExecutionHandler
instanceKlass java/util/concurrent/Callable
instanceKlass com/android/dx/cf/direct/AttributeFactory
instanceKlass com/android/dx/cf/direct/ClassPathOpener$Consumer
instanceKlass com/android/dx/command/dexer/Main
instanceKlass java/lang/Void
instanceKlass java/lang/Class$MethodArray
instanceKlass sun/launcher/LauncherHelper$FXHelper
instanceKlass com/android/dx/command/Main
instanceKlass java/io/FilePermission$1
instanceKlass sun/net/www/MessageHeader
instanceKlass java/net/URLConnection
instanceKlass java/security/PermissionCollection
instanceKlass sun/nio/ByteBuffered
instanceKlass sun/security/util/ManifestEntryVerifier
instanceKlass sun/security/util/SignatureFileVerifier
instanceKlass java/lang/Package
instanceKlass java/util/jar/JarVerifier$3
instanceKlass java/security/CodeSigner
instanceKlass java/util/jar/JarVerifier
instanceKlass java/util/jar/Attributes$Name
instanceKlass java/util/jar/Attributes
instanceKlass sun/misc/Resource
instanceKlass sun/misc/IOUtils
instanceKlass java/util/zip/ZStreamRef
instanceKlass java/util/zip/Inflater
instanceKlass sun/util/calendar/CalendarUtils
instanceKlass sun/util/calendar/CalendarDate
instanceKlass java/util/TimeZone$1
instanceKlass java/util/zip/CRC32
instanceKlass java/util/zip/Checksum
instanceKlass sun/util/calendar/ZoneInfoFile$ZoneOffsetTransitionRule
instanceKlass java/io/DataInput
instanceKlass sun/util/calendar/ZoneInfoFile$1
instanceKlass sun/util/calendar/ZoneInfoFile
instanceKlass java/util/TimeZone
instanceKlass sun/util/calendar/CalendarSystem
instanceKlass java/util/Date
instanceKlass java/util/zip/ZipUtils
instanceKlass java/util/zip/ZipEntry
instanceKlass sun/misc/ExtensionDependency
instanceKlass sun/misc/JarIndex
instanceKlass sun/nio/ch/DirectBuffer
instanceKlass sun/misc/PerfCounter$CoreCounters
instanceKlass sun/misc/Perf
instanceKlass sun/misc/Perf$GetPerfAction
instanceKlass sun/misc/PerfCounter
instanceKlass java/util/zip/ZipCoder
instanceKlass java/util/Deque
instanceKlass java/util/Queue
instanceKlass java/nio/charset/StandardCharsets
instanceKlass java/util/jar/JavaUtilJarAccessImpl
instanceKlass sun/misc/JavaUtilJarAccess
instanceKlass sun/misc/FileURLMapper
instanceKlass sun/misc/URLClassPath$JarLoader$1
instanceKlass sun/nio/cs/ThreadLocalCoders$Cache
instanceKlass sun/nio/cs/ThreadLocalCoders
instanceKlass java/util/zip/ZipFile$1
instanceKlass sun/misc/JavaUtilZipFileAccess
instanceKlass java/util/zip/ZipFile
instanceKlass java/util/zip/ZipConstants
instanceKlass sun/misc/URLClassPath$Loader
instanceKlass sun/misc/URLClassPath$3
instanceKlass sun/net/util/URLUtil
instanceKlass java/net/URLClassLoader$1
instanceKlass sun/misc/PostVMInitHook
instanceKlass java/lang/invoke/MethodHandleStatics$1
instanceKlass java/lang/invoke/MethodHandleStatics
instanceKlass java/lang/invoke/MemberName$Factory
instanceKlass java/lang/ClassValue$Version
instanceKlass java/lang/ClassValue$Identity
instanceKlass java/lang/ClassValue
instanceKlass java/lang/invoke/MethodHandleImpl$3
instanceKlass java/lang/invoke/MethodHandleImpl$2
instanceKlass java/util/function/Function
instanceKlass java/lang/invoke/MethodHandleImpl$1
instanceKlass java/lang/invoke/MethodHandleImpl
instanceKlass java/lang/SystemClassLoaderAction
instanceKlass sun/misc/Launcher$AppClassLoader$1
instanceKlass sun/misc/URLClassPath
instanceKlass java/security/Principal
instanceKlass java/security/ProtectionDomain$Key
instanceKlass java/security/ProtectionDomain$3
instanceKlass sun/misc/JavaSecurityProtectionDomainAccess
instanceKlass java/security/ProtectionDomain$1
instanceKlass sun/misc/JavaSecurityAccess
instanceKlass java/net/URLStreamHandler
instanceKlass java/net/Parts
instanceKlass java/util/BitSet
instanceKlass sun/net/www/ParseUtil
instanceKlass java/io/FileInputStream$1
instanceKlass java/lang/CharacterData
instanceKlass sun/util/locale/LocaleUtils
instanceKlass java/util/Locale$LocaleKey
instanceKlass sun/util/locale/BaseLocale$Key
instanceKlass sun/util/locale/BaseLocale
instanceKlass java/util/concurrent/ConcurrentHashMap$CollectionView
instanceKlass java/util/concurrent/ConcurrentHashMap$CounterCell
instanceKlass java/util/concurrent/ConcurrentHashMap$Node
instanceKlass java/util/concurrent/locks/ReentrantLock
instanceKlass java/util/concurrent/locks/Lock
instanceKlass java/util/concurrent/ConcurrentMap
instanceKlass sun/util/locale/LocaleObjectCache
instanceKlass java/util/Locale
instanceKlass java/lang/reflect/Array
instanceKlass java/io/Reader
instanceKlass sun/misc/MetaIndex
instanceKlass sun/misc/Launcher$ExtClassLoader$1
instanceKlass java/util/StringTokenizer
instanceKlass java/net/URLClassLoader$7
instanceKlass sun/misc/JavaNetAccess
instanceKlass java/lang/ClassLoader$ParallelLoaders
instanceKlass sun/security/util/Debug
instanceKlass sun/misc/Launcher$Factory
instanceKlass java/net/URLStreamHandlerFactory
instanceKlass java/lang/Compiler$1
instanceKlass java/lang/Compiler
instanceKlass java/lang/System$2
instanceKlass sun/misc/JavaLangAccess
instanceKlass sun/io/Win32ErrorMode
instanceKlass sun/misc/OSEnvironment
instanceKlass java/lang/Integer$IntegerCache
instanceKlass sun/misc/NativeSignalHandler
instanceKlass sun/misc/Signal
instanceKlass java/lang/Terminator$1
instanceKlass sun/misc/SignalHandler
instanceKlass java/lang/Terminator
instanceKlass java/io/ExpiringCache$Entry
instanceKlass java/lang/ClassLoader$3
instanceKlass java/lang/StringCoding$StringEncoder
instanceKlass java/lang/ClassLoader$NativeLibrary
instanceKlass java/nio/file/Path
instanceKlass java/nio/file/Watchable
instanceKlass java/lang/Enum
instanceKlass java/io/ExpiringCache
instanceKlass java/io/FileSystem
instanceKlass java/io/DefaultFileSystem
instanceKlass java/nio/charset/CoderResult$Cache
instanceKlass java/nio/charset/CoderResult
instanceKlass java/lang/Readable
instanceKlass java/nio/Bits$1
instanceKlass sun/misc/JavaNioAccess
instanceKlass java/nio/ByteOrder
instanceKlass java/nio/Bits
instanceKlass java/nio/charset/CharsetEncoder
instanceKlass sun/nio/cs/ArrayEncoder
instanceKlass sun/security/action/GetPropertyAction
instanceKlass java/io/Writer
instanceKlass sun/reflect/misc/ReflectUtil
instanceKlass java/util/concurrent/atomic/AtomicReferenceFieldUpdater$AtomicReferenceFieldUpdaterImpl$1
instanceKlass java/security/PrivilegedExceptionAction
instanceKlass java/util/concurrent/atomic/AtomicReferenceFieldUpdater
instanceKlass java/io/OutputStream
instanceKlass java/io/Flushable
instanceKlass sun/misc/SharedSecrets
instanceKlass java/io/FileDescriptor$1
instanceKlass sun/misc/JavaIOFileDescriptorAccess
instanceKlass java/io/FileDescriptor
instanceKlass sun/misc/Version
instanceKlass java/lang/Runtime
instanceKlass java/util/Hashtable$Enumerator
instanceKlass java/util/Iterator
instanceKlass java/util/Enumeration
instanceKlass java/util/Objects
instanceKlass java/util/Collections$SynchronizedCollection
instanceKlass java/nio/charset/CodingErrorAction
instanceKlass java/nio/charset/CharsetDecoder
instanceKlass sun/nio/cs/ArrayDecoder
instanceKlass sun/nio/cs/ext/DelegatableDecoder
instanceKlass sun/nio/cs/ext/DoubleByte
instanceKlass java/lang/StringCoding$StringDecoder
instanceKlass java/lang/ThreadLocal$ThreadLocalMap
instanceKlass java/lang/StringCoding
instanceKlass sun/nio/cs/HistoricallyNamedCharset
instanceKlass java/util/TreeMap$Entry
instanceKlass sun/misc/ASCIICaseInsensitiveComparator
instanceKlass java/util/NavigableMap
instanceKlass java/util/SortedMap
instanceKlass sun/reflect/ReflectionFactory$1
instanceKlass java/lang/Class$1
instanceKlass java/nio/charset/Charset$ExtendedProviderHolder$1
instanceKlass java/nio/charset/Charset$ExtendedProviderHolder
instanceKlass java/util/Arrays
instanceKlass java/lang/reflect/ReflectAccess
instanceKlass sun/reflect/LangReflectAccess
instanceKlass java/lang/reflect/Modifier
instanceKlass sun/reflect/annotation/AnnotationType
instanceKlass java/lang/Class$AnnotationData
instanceKlass sun/reflect/generics/repository/AbstractRepository
instanceKlass java/lang/Class$Atomic
instanceKlass java/lang/Class$ReflectionData
instanceKlass java/lang/Class$3
instanceKlass java/util/HashMap$Node
instanceKlass sun/reflect/Reflection
instanceKlass java/util/Collections$UnmodifiableCollection
instanceKlass java/util/Set
instanceKlass java/util/Collections
instanceKlass java/lang/ThreadLocal
instanceKlass java/util/AbstractMap
instanceKlass java/nio/charset/spi/CharsetProvider
instanceKlass java/nio/charset/Charset
instanceKlass java/lang/Math
instanceKlass sun/misc/VM
instanceKlass java/util/Hashtable$Entry
instanceKlass java/util/Map$Entry
instanceKlass java/lang/ref/ReferenceQueue$Lock
instanceKlass java/lang/ref/ReferenceQueue
instanceKlass java/lang/ref/Reference$Lock
instanceKlass sun/reflect/ReflectionFactory
instanceKlass java/util/AbstractCollection
instanceKlass java/util/RandomAccess
instanceKlass java/util/List
instanceKlass java/util/Collection
instanceKlass java/lang/Iterable
instanceKlass java/security/cert/Certificate
instanceKlass sun/reflect/ReflectionFactory$GetReflectionFactoryAction
instanceKlass java/security/PrivilegedAction
instanceKlass java/security/AccessController
instanceKlass java/security/Permission
instanceKlass java/security/Guard
instanceKlass java/lang/String$CaseInsensitiveComparator
instanceKlass java/util/Comparator
instanceKlass java/io/ObjectStreamField
instanceKlass java/lang/Number
instanceKlass java/lang/Character
instanceKlass java/lang/Boolean
instanceKlass java/nio/Buffer
instanceKlass java/lang/StackTraceElement
instanceKlass java/security/CodeSource
instanceKlass sun/misc/Launcher
instanceKlass java/util/jar/Manifest
instanceKlass java/net/URL
instanceKlass java/io/File
instanceKlass java/io/InputStream
instanceKlass java/io/Closeable
instanceKlass java/lang/AutoCloseable
instanceKlass sun/misc/Unsafe
instanceKlass java/lang/AbstractStringBuilder
instanceKlass java/lang/Appendable
insta